Using pre-set license
Built from '2021.3/staging' branch; Version is '2021.3.10f1 (1c7d0df0160b) revision 1867021'; Using compiler version '192829333'; Build Type 'Release'
OS: 'Windows 11  (10.0.22000) 64bit Core' Language: 'en' Physical Memory: 16223 MB
BatchMode: 1, IsHumanControllingUs: 0, StartBugReporterOnCrash: 0, Is64bit: 1, IsPro: 1

COMMAND LINE ARGUMENTS:
C:\Program Files\Unity\Hub\Editor\2021.3.10f1\Editor\Unity.exe
-adb2
-batchMode
-noUpm
-name
AssetImportWorker2
-projectPath
C:/Users/Neil/Documents/GitHub/AITO/AITO
-logFile
Logs/AssetImportWorker2.log
-srvPort
64538
Successfully changed project path to: C:/Users/Neil/Documents/GitHub/AITO/AITO
C:/Users/Neil/Documents/GitHub/AITO/AITO
[UnityMemory] Configuration Parameters - Can be set up in boot.config
    "memorysetup-bucket-allocator-granularity=16"
    "memorysetup-bucket-allocator-bucket-count=8"
    "memorysetup-bucket-allocator-block-size=33554432"
    "memorysetup-bucket-allocator-block-count=8"
    "memorysetup-main-allocator-block-size=16777216"
    "memorysetup-thread-allocator-block-size=16777216"
    "memorysetup-gfx-main-allocator-block-size=16777216"
    "memorysetup-gfx-thread-allocator-block-size=16777216"
    "memorysetup-cache-allocator-block-size=4194304"
    "memorysetup-typetree-allocator-block-size=2097152"
    "memorysetup-profiler-bucket-allocator-granularity=16"
    "memorysetup-profiler-bucket-allocator-bucket-count=8"
    "memorysetup-profiler-bucket-allocator-block-size=33554432"
    "memorysetup-profiler-bucket-allocator-block-count=8"
    "memorysetup-profiler-allocator-block-size=16777216"
    "memorysetup-profiler-editor-allocator-block-size=1048576"
    "memorysetup-temp-allocator-size-main=16777216"
    "memorysetup-job-temp-allocator-block-size=2097152"
    "memorysetup-job-temp-allocator-block-size-background=1048576"
    "memorysetup-job-temp-allocator-reduction-small-platforms=262144"
    "memorysetup-temp-allocator-size-background-worker=32768"
    "memorysetup-temp-allocator-size-job-worker=262144"
    "memorysetup-temp-allocator-size-preload-manager=33554432"
    "memorysetup-temp-allocator-size-nav-mesh-worker=65536"
    "memorysetup-temp-allocator-size-audio-worker=65536"
    "memorysetup-temp-allocator-size-cloud-worker=32768"
    "memorysetup-temp-allocator-size-gi-baking-worker=262144"
    "memorysetup-temp-allocator-size-gfx=262144"
Refreshing native plugins compatible for Editor in 83.96 ms, found 3 plugins.
Preloading 0 native plugins for Editor in 0.00 ms.
Initialize engine version: 2021.3.10f1 (1c7d0df0160b)
[Subsystems] Discovering subsystems at path C:/Program Files/Unity/Hub/Editor/2021.3.10f1/Editor/Data/Resources/UnitySubsystems
[Subsystems] Discovering subsystems at path C:/Users/Neil/Documents/GitHub/AITO/AITO/Assets
GfxDevice: creating device client; threaded=0; jobified=0
Direct3D:
    Version:  Direct3D 11.0 [level 11.1]
    Renderer: AMD Radeon RX 6600 XT (ID=0x73ff)
    Vendor:   ATI
    VRAM:     8146 MB
    Driver:   31.0.12016.4002
Initialize mono
Mono path[0] = 'C:/Program Files/Unity/Hub/Editor/2021.3.10f1/Editor/Data/Managed'
Mono path[1] = 'C:/Program Files/Unity/Hub/Editor/2021.3.10f1/Editor/Data/MonoBleedingEdge/lib/mono/unityjit-win32'
Mono config path = 'C:/Program Files/Unity/Hub/Editor/2021.3.10f1/Editor/Data/MonoBleedingEdge/etc'
Using monoOptions --debugger-agent=transport=dt_socket,embedding=1,server=y,suspend=n,address=127.0.0.1:56992
Begin MonoManager ReloadAssembly
Registering precompiled unity dll's ...
Register platform support module: C:/Program Files/Unity/Hub/Editor/2021.3.10f1/Editor/Data/PlaybackEngines/MacStandaloneSupport/UnityEditor.OSXStandalone.Extensions.dll
Register platform support module: C:/Program Files/Unity/Hub/Editor/2021.3.10f1/Editor/Data/PlaybackEngines/WindowsStandaloneSupport/UnityEditor.WindowsStandalone.Extensions.dll
Registered in 0.006505 seconds.
Native extension for WindowsStandalone target not found
Native extension for OSXStandalone target not found
Refreshing native plugins compatible for Editor in 69.18 ms, found 3 plugins.
Preloading 0 native plugins for Editor in 0.00 ms.
Mono: successfully reloaded assembly
- Completed reload, in  0.555 seconds
Domain Reload Profiling:
	ReloadAssembly (555ms)
		BeginReloadAssembly (75ms)
			ExecutionOrderSort (0ms)
			DisableScriptedObjects (0ms)
			BackupInstance (0ms)
			ReleaseScriptingObjects (0ms)
			CreateAndSetChildDomain (1ms)
		EndReloadAssembly (386ms)
			LoadAssemblies (73ms)
			RebuildTransferFunctionScriptingTraits (0ms)
			SetupTypeCache (74ms)
			ReleaseScriptCaches (0ms)
			RebuildScriptCaches (20ms)
			SetupLoadedEditorAssemblies (251ms)
				LogAssemblyErrors (0ms)
				InitializePlatformSupportModulesInManaged (9ms)
				SetLoadedEditorAssemblies (0ms)
				RefreshPlugins (69ms)
				BeforeProcessingInitializeOnLoad (1ms)
				ProcessInitializeOnLoadAttributes (132ms)
				ProcessInitializeOnLoadMethodAttributes (39ms)
				AfterProcessingInitializeOnLoad (0ms)
				EditorAssembliesLoaded (0ms)
			ExecutionOrderSort2 (0ms)
			AwakeInstancesAfterBackupRestoration (0ms)
Platform modules already initialized, skipping
Registering precompiled user dll's ...
Registered in 0.008514 seconds.
Begin MonoManager ReloadAssembly
Symbol file LoadedFromMemory doesn't match image C:\Users\Neil\Documents\GitHub\AITO\AITO\Library\PackageCache\com.unity.visualscripting@1.7.8\Editor\VisualScripting.Core\Dependencies\YamlDotNet\Unity.VisualScripting.YamlDotNet.dll
Symbol file LoadedFromMemory doesn't match image C:\Users\Neil\Documents\GitHub\AITO\AITO\Library\PackageCache\com.unity.visualscripting@1.7.8\Editor\VisualScripting.Core\Dependencies\DotNetZip\Unity.VisualScripting.IonicZip.dll
Native extension for WindowsStandalone target not found
Native extension for OSXStandalone target not found
Refreshing native plugins compatible for Editor in 0.61 ms, found 3 plugins.
Preloading 0 native plugins for Editor in 0.00 ms.
Mono: successfully reloaded assembly
- Completed reload, in  0.780 seconds
Domain Reload Profiling:
	ReloadAssembly (780ms)
		BeginReloadAssembly (93ms)
			ExecutionOrderSort (0ms)
			DisableScriptedObjects (4ms)
			BackupInstance (0ms)
			ReleaseScriptingObjects (0ms)
			CreateAndSetChildDomain (16ms)
		EndReloadAssembly (597ms)
			LoadAssemblies (74ms)
			RebuildTransferFunctionScriptingTraits (0ms)
			SetupTypeCache (178ms)
			ReleaseScriptCaches (0ms)
			RebuildScriptCaches (34ms)
			SetupLoadedEditorAssemblies (288ms)
				LogAssemblyErrors (0ms)
				InitializePlatformSupportModulesInManaged (7ms)
				SetLoadedEditorAssemblies (0ms)
				RefreshPlugins (1ms)
				BeforeProcessingInitializeOnLoad (71ms)
				ProcessInitializeOnLoadAttributes (180ms)
				ProcessInitializeOnLoadMethodAttributes (22ms)
				AfterProcessingInitializeOnLoad (7ms)
				EditorAssembliesLoaded (0ms)
			ExecutionOrderSort2 (0ms)
			AwakeInstancesAfterBackupRestoration (4ms)
Platform modules already initialized, skipping
========================================================================
Worker process is ready to serve import requests
Launched and connected shader compiler UnityShaderCompiler.exe after 0.03 seconds
Refreshing native plugins compatible for Editor in 0.60 ms, found 3 plugins.
Preloading 0 native plugins for Editor in 0.00 ms.
Unloading 3380 Unused Serialized files (Serialized files now loaded: 0)
Unloading 27 unused Assets / (113.9 KB). Loaded Objects now: 3837.
Memory consumption went from 116.2 MB to 116.1 MB.
Total: 2.717200 ms (FindLiveObjects: 0.225800 ms CreateObjectMapping: 0.174600 ms MarkObjects: 2.219800 ms  DeleteObjects: 0.096100 ms)

AssetImportParameters requested are different than current active one (requested -> active):
  custom:video-decoder-ogg-theora: a1e56fd34408186e4bbccfd4996cb3dc -> 
  custom:container-muxer-webm: aa71ff27fc2769a1b78a27578f13a17b -> 
  custom:container-demuxer-webm: 4f35f7cbe854078d1ac9338744f61a02 -> 
  custom:video-encoder-webm-vp8: eb34c28f22e8b96e1ab97ce403110664 -> 
  custom:video-codec-MediaFoundation-h265: 746d11721c4dcdbdad8f713fa42b33f4 -> 
  custom:audio-encoder-webm-vorbis: bf7c407c2cedff20999df2af8eb42d56 -> 
  custom:framework-win-MediaFoundation: 216162199b28c13a410421893ffa2e32 -> 
  custom:container-demuxer-ogg: 62fdf1f143b41e24485cea50d1cbac27 -> 
  custom:video-decoder-webm-vp8: 9c59270c3fd7afecdb556c50c9e8de78 -> 
  custom:audio-decoder-ogg-vorbis: bf7c407c2cedff20999df2af8eb42d56 -> 
========================================================================
Received Import Request.
  Time since last request: 86326.975060 seconds.
  path: Assets/Mega Bot Areas/Pixel Art/Pipes forest/tileset.png
  artifactKey: Guid(7cccb3f961c324d2aaf93dbe197b1027) Importer(815301076,1909f56bfc062723c751e8b465ee728b)
Start importing Assets/Mega Bot Areas/Pixel Art/Pipes forest/tileset.png using Guid(7cccb3f961c324d2aaf93dbe197b1027) Importer(815301076,1909f56bfc062723c751e8b465ee728b)  -> (artifact id: '1485f20318f324d54fbdb42c505a87b0') in 0.124027 seconds 
========================================================================
Received Prepare
Refreshing native plugins compatible for Editor in 5.97 ms, found 3 plugins.
Preloading 0 native plugins for Editor in 0.00 ms.
Unloading 20 Unused Serialized files (Serialized files now loaded: 0)
Unloading 20 unused Assets / (77.5 KB). Loaded Objects now: 3844.
Memory consumption went from 53.4 MB to 53.3 MB.
Total: 4.371000 ms (FindLiveObjects: 0.378100 ms CreateObjectMapping: 0.099500 ms MarkObjects: 3.798700 ms  DeleteObjects: 0.093800 ms)

AssetImportParameters requested are different than current active one (requested -> active):
  custom:video-decoder-ogg-theora: a1e56fd34408186e4bbccfd4996cb3dc -> 
  custom:container-muxer-webm: aa71ff27fc2769a1b78a27578f13a17b -> 
  custom:container-demuxer-webm: 4f35f7cbe854078d1ac9338744f61a02 -> 
  custom:video-encoder-webm-vp8: eb34c28f22e8b96e1ab97ce403110664 -> 
  custom:video-codec-MediaFoundation-h265: 746d11721c4dcdbdad8f713fa42b33f4 -> 
  custom:audio-encoder-webm-vorbis: bf7c407c2cedff20999df2af8eb42d56 -> 
  custom:framework-win-MediaFoundation: 216162199b28c13a410421893ffa2e32 -> 
  custom:SearchIndexIgnoredProperties: e643bd26f0fe6173181afceb89e7c659 -> 
  custom:container-demuxer-ogg: 62fdf1f143b41e24485cea50d1cbac27 -> 
  custom:video-decoder-webm-vp8: 9c59270c3fd7afecdb556c50c9e8de78 -> 
  custom:audio-decoder-ogg-vorbis: bf7c407c2cedff20999df2af8eb42d56 -> 
========================================================================
Received Prepare
Registering precompiled user dll's ...
Registered in 0.011881 seconds.
Begin MonoManager ReloadAssembly
Symbol file LoadedFromMemory doesn't match image C:\Users\Neil\Documents\GitHub\AITO\AITO\Library\PackageCache\com.unity.visualscripting@1.7.8\Editor\VisualScripting.Core\Dependencies\YamlDotNet\Unity.VisualScripting.YamlDotNet.dll
Symbol file LoadedFromMemory doesn't match image C:\Users\Neil\Documents\GitHub\AITO\AITO\Library\PackageCache\com.unity.visualscripting@1.7.8\Editor\VisualScripting.Core\Dependencies\DotNetZip\Unity.VisualScripting.IonicZip.dll
Native extension for WindowsStandalone target not found
Native extension for OSXStandalone target not found
Refreshing native plugins compatible for Editor in 114.30 ms, found 4 plugins.
Preloading 0 native plugins for Editor in 0.00 ms.
Mono: successfully reloaded assembly
- Completed reload, in  1.118 seconds
Domain Reload Profiling:
	ReloadAssembly (1119ms)
		BeginReloadAssembly (152ms)
			ExecutionOrderSort (0ms)
			DisableScriptedObjects (5ms)
			BackupInstance (0ms)
			ReleaseScriptingObjects (0ms)
			CreateAndSetChildDomain (50ms)
		EndReloadAssembly (877ms)
			LoadAssemblies (104ms)
			RebuildTransferFunctionScriptingTraits (0ms)
			SetupTypeCache (254ms)
			ReleaseScriptCaches (1ms)
			RebuildScriptCaches (36ms)
			SetupLoadedEditorAssemblies (438ms)
				LogAssemblyErrors (0ms)
				InitializePlatformSupportModulesInManaged (16ms)
				SetLoadedEditorAssemblies (0ms)
				RefreshPlugins (114ms)
				BeforeProcessingInitializeOnLoad (84ms)
				ProcessInitializeOnLoadAttributes (180ms)
				ProcessInitializeOnLoadMethodAttributes (36ms)
				AfterProcessingInitializeOnLoad (7ms)
				EditorAssembliesLoaded (0ms)
			ExecutionOrderSort2 (0ms)
			AwakeInstancesAfterBackupRestoration (5ms)
Platform modules already initialized, skipping
Refreshing native plugins compatible for Editor in 2.68 ms, found 4 plugins.
Preloading 0 native plugins for Editor in 0.00 ms.
Unloading 4184 Unused Serialized files (Serialized files now loaded: 0)
Unloading 33 unused Assets / (221.5 KB). Loaded Objects now: 4648.
Memory consumption went from 159.6 MB to 159.3 MB.
Total: 4.332200 ms (FindLiveObjects: 0.262700 ms CreateObjectMapping: 0.221000 ms MarkObjects: 3.668500 ms  DeleteObjects: 0.179100 ms)

AssetImportParameters requested are different than current active one (requested -> active):
  custom:video-decoder-ogg-theora: a1e56fd34408186e4bbccfd4996cb3dc -> 
  custom:container-muxer-webm: aa71ff27fc2769a1b78a27578f13a17b -> 
  custom:container-demuxer-webm: 4f35f7cbe854078d1ac9338744f61a02 -> 
  custom:video-encoder-webm-vp8: eb34c28f22e8b96e1ab97ce403110664 -> 
  custom:video-codec-MediaFoundation-h265: 746d11721c4dcdbdad8f713fa42b33f4 -> 
  custom:audio-encoder-webm-vorbis: bf7c407c2cedff20999df2af8eb42d56 -> 
  custom:framework-win-MediaFoundation: 216162199b28c13a410421893ffa2e32 -> 
  custom:SearchIndexIgnoredProperties: e643bd26f0fe6173181afceb89e7c659 -> 
  custom:container-demuxer-ogg: 62fdf1f143b41e24485cea50d1cbac27 -> 
  custom:video-decoder-webm-vp8: 9c59270c3fd7afecdb556c50c9e8de78 -> 
  custom:audio-decoder-ogg-vorbis: bf7c407c2cedff20999df2af8eb42d56 -> 
========================================================================
Received Import Request.
  Time since last request: 206.768518 seconds.
  path: Assets/Mega Bot Areas/Pixel Art/Under Pipes Area
  artifactKey: Guid(f14933b8205a243098d53dcfa3e273a1) Importer(815301076,1909f56bfc062723c751e8b465ee728b)
Start importing Assets/Mega Bot Areas/Pixel Art/Under Pipes Area using Guid(f14933b8205a243098d53dcfa3e273a1) Importer(815301076,1909f56bfc062723c751e8b465ee728b)  -> (artifact id: '3a1a47d6ebc3fc13ed6f519bce5de110') in 0.013179 seconds 
========================================================================
Received Import Request.
  Time since last request: 0.174059 seconds.
  path: Assets/Mega Bot Areas/Pixel Art/Under Pipes Area/background.png
  artifactKey: Guid(b1488284639c4427b92cc39782393fdc) Importer(815301076,1909f56bfc062723c751e8b465ee728b)
Start importing Assets/Mega Bot Areas/Pixel Art/Under Pipes Area/background.png using Guid(b1488284639c4427b92cc39782393fdc) Importer(815301076,1909f56bfc062723c751e8b465ee728b)  -> (artifact id: '3e3b85999514c57452790a12edf390ce') in 0.052083 seconds 
========================================================================
Received Import Request.
  Time since last request: 6.090197 seconds.
  path: Assets/Mega Bot Areas/Pixel Art/Under Pipes Area/tileset.asset
  artifactKey: Guid(a186011184ff7414e8c5a87baf164f5e) Importer(815301076,1909f56bfc062723c751e8b465ee728b)
Start importing Assets/Mega Bot Areas/Pixel Art/Under Pipes Area/tileset.asset using Guid(a186011184ff7414e8c5a87baf164f5e) Importer(815301076,1909f56bfc062723c751e8b465ee728b)  -> (artifact id: '74afe4bd0a67542e0d1ba5370bdf50c4') in 0.033210 seconds 
========================================================================
Received Import Request.
  Time since last request: 70.037654 seconds.
  path: Assets/Mega Bot Areas/Pixel Art/Under Pipes Area/tileset.png
  artifactKey: Guid(f29b820a2b25d49f8898f1bffb30f70a) Importer(815301076,1909f56bfc062723c751e8b465ee728b)
Start importing Assets/Mega Bot Areas/Pixel Art/Under Pipes Area/tileset.png using Guid(f29b820a2b25d49f8898f1bffb30f70a) Importer(815301076,1909f56bfc062723c751e8b465ee728b)  -> (artifact id: '2c189f6c31db4bb6e2ff8f5dc12cc783') in 0.009031 seconds 
========================================================================
Received Import Request.
  Time since last request: 53.719230 seconds.
  path: Assets/Mega Bot Areas/Pixel Art/Under Pipes Area/tileset.png
  artifactKey: Guid(f29b820a2b25d49f8898f1bffb30f70a) Importer(815301076,1909f56bfc062723c751e8b465ee728b)
Start importing Assets/Mega Bot Areas/Pixel Art/Under Pipes Area/tileset.png using Guid(f29b820a2b25d49f8898f1bffb30f70a) Importer(815301076,1909f56bfc062723c751e8b465ee728b)  -> (artifact id: '11d5860d7c19fcd53c5f0e94e4e6d1f2') in 0.089919 seconds 
========================================================================
Received Import Request.
  Time since last request: 12.886641 seconds.
  path: Assets/Mega Bot Areas/Pixel Art/Under Pipes Area/Rectangular Palette.prefab
  artifactKey: Guid(d672f56444abd45489108ad4a104bd2e) Importer(815301076,1909f56bfc062723c751e8b465ee728b)
Start importing Assets/Mega Bot Areas/Pixel Art/Under Pipes Area/Rectangular Palette.prefab using Guid(d672f56444abd45489108ad4a104bd2e) Importer(815301076,1909f56bfc062723c751e8b465ee728b)  -> (artifact id: 'c770846d2265e1c38bf85b53b079aa66') in 0.039149 seconds 
========================================================================
Received Import Request.
  Time since last request: 31.523218 seconds.
  path: Assets/Mega Bot Areas/Pixel Art/Under Pipes Area/tileset_0.asset
  artifactKey: Guid(d7d56870b6e16fc47876ac2ff437dc26) Importer(815301076,1909f56bfc062723c751e8b465ee728b)
Start importing Assets/Mega Bot Areas/Pixel Art/Under Pipes Area/tileset_0.asset using Guid(d7d56870b6e16fc47876ac2ff437dc26) Importer(815301076,1909f56bfc062723c751e8b465ee728b)  -> (artifact id: 'fbe8383601f3c549f8bcdf7e443983de') in 0.013600 seconds 
========================================================================
Received Import Request.
  Time since last request: 0.000030 seconds.
  path: Assets/Mega Bot Areas/Pixel Art/Under Pipes Area/tileset_7.asset
  artifactKey: Guid(514b41f666cecea4491b1e714c333f92) Importer(815301076,1909f56bfc062723c751e8b465ee728b)
Start importing Assets/Mega Bot Areas/Pixel Art/Under Pipes Area/tileset_7.asset using Guid(514b41f666cecea4491b1e714c333f92) Importer(815301076,1909f56bfc062723c751e8b465ee728b)  -> (artifact id: 'e92b95d886c5cc4635e5ea22a2f377a8') in 0.012107 seconds 
========================================================================
Received Import Request.
  Time since last request: 0.000022 seconds.
  path: Assets/Mega Bot Areas/Pixel Art/Under Pipes Area/tileset_6.asset
  artifactKey: Guid(d50d6c1b2dee96a4e9d05ad089c2c5d8) Importer(815301076,1909f56bfc062723c751e8b465ee728b)
Start importing Assets/Mega Bot Areas/Pixel Art/Under Pipes Area/tileset_6.asset using Guid(d50d6c1b2dee96a4e9d05ad089c2c5d8) Importer(815301076,1909f56bfc062723c751e8b465ee728b)  -> (artifact id: 'a238436aef0fb5f2b432a8a3edfe71a6') in 0.012317 seconds 
========================================================================
Received Import Request.
  Time since last request: 0.000030 seconds.
  path: Assets/Mega Bot Areas/Pixel Art/Under Pipes Area/tileset_18.asset
  artifactKey: Guid(d316457922ce6974d9319e98f9f1eee6) Importer(815301076,1909f56bfc062723c751e8b465ee728b)
Start importing Assets/Mega Bot Areas/Pixel Art/Under Pipes Area/tileset_18.asset using Guid(d316457922ce6974d9319e98f9f1eee6) Importer(815301076,1909f56bfc062723c751e8b465ee728b)  -> (artifact id: '2478ba2c71460524a7a17c3b7d5d1841') in 0.010648 seconds 
========================================================================
Received Import Request.
  Time since last request: 0.000019 seconds.
  path: Assets/Mega Bot Areas/Pixel Art/Under Pipes Area/tileset_5.asset
  artifactKey: Guid(dbeffa27ecc06b8418e7c910fd206856) Importer(815301076,1909f56bfc062723c751e8b465ee728b)
Start importing Assets/Mega Bot Areas/Pixel Art/Under Pipes Area/tileset_5.asset using Guid(dbeffa27ecc06b8418e7c910fd206856) Importer(815301076,1909f56bfc062723c751e8b465ee728b)  -> (artifact id: '162559145fc299b7c8958ee6b7e6f319') in 0.010757 seconds 
========================================================================
Received Import Request.
  Time since last request: 0.000029 seconds.
  path: Assets/Mega Bot Areas/Pixel Art/Under Pipes Area/tileset_2.asset
  artifactKey: Guid(aac14a31120b64548ac3e3a0861ce3a0) Importer(815301076,1909f56bfc062723c751e8b465ee728b)
Start importing Assets/Mega Bot Areas/Pixel Art/Under Pipes Area/tileset_2.asset using Guid(aac14a31120b64548ac3e3a0861ce3a0) Importer(815301076,1909f56bfc062723c751e8b465ee728b)  -> (artifact id: 'a78570bb606debacfd00af43307310f9') in 0.011815 seconds 
========================================================================
Received Import Request.
  Time since last request: 0.000031 seconds.
  path: Assets/Mega Bot Areas/Pixel Art/Under Pipes Area/tileset_40.asset
  artifactKey: Guid(e7ecf7bc7c99b8a478839ab91f4adab3) Importer(815301076,1909f56bfc062723c751e8b465ee728b)
Start importing Assets/Mega Bot Areas/Pixel Art/Under Pipes Area/tileset_40.asset using Guid(e7ecf7bc7c99b8a478839ab91f4adab3) Importer(815301076,1909f56bfc062723c751e8b465ee728b)  -> (artifact id: 'f4276b2a482d36214fa27ebb49cda9b3') in 0.010911 seconds 
========================================================================
Received Import Request.
  Time since last request: 0.000029 seconds.
  path: Assets/Mega Bot Areas/Pixel Art/Under Pipes Area/tileset_39.asset
  artifactKey: Guid(d7e0f80717727224c88c00a6b0a15a5f) Importer(815301076,1909f56bfc062723c751e8b465ee728b)
Start importing Assets/Mega Bot Areas/Pixel Art/Under Pipes Area/tileset_39.asset using Guid(d7e0f80717727224c88c00a6b0a15a5f) Importer(815301076,1909f56bfc062723c751e8b465ee728b)  -> (artifact id: 'dbc23095f0ff7b9c5546daaa6312113f') in 0.013022 seconds 
========================================================================
Received Import Request.
  Time since last request: 0.000019 seconds.
  path: Assets/Mega Bot Areas/Pixel Art/Under Pipes Area/tileset_33.asset
  artifactKey: Guid(9dcf6a07304f1c8499db8c13f6193f62) Importer(815301076,1909f56bfc062723c751e8b465ee728b)
Start importing Assets/Mega Bot Areas/Pixel Art/Under Pipes Area/tileset_33.asset using Guid(9dcf6a07304f1c8499db8c13f6193f62) Importer(815301076,1909f56bfc062723c751e8b465ee728b)  -> (artifact id: '1c8fc0c9098ec2aed260a38a09255724') in 0.013091 seconds 
========================================================================
Received Import Request.
  Time since last request: 0.000021 seconds.
  path: Assets/Mega Bot Areas/Pixel Art/Under Pipes Area/tileset_35.asset
  artifactKey: Guid(9845aff743f0ca44ea6c3e73cedb1b47) Importer(815301076,1909f56bfc062723c751e8b465ee728b)
Start importing Assets/Mega Bot Areas/Pixel Art/Under Pipes Area/tileset_35.asset using Guid(9845aff743f0ca44ea6c3e73cedb1b47) Importer(815301076,1909f56bfc062723c751e8b465ee728b)  -> (artifact id: '6120cbd8dd9cd9e263bbf7f9fcf16a4d') in 0.011706 seconds 
========================================================================
Received Import Request.
  Time since last request: 0.000023 seconds.
  path: Assets/Mega Bot Areas/Pixel Art/Under Pipes Area/tileset_25.asset
  artifactKey: Guid(bfcdcc0583301684793bf59c1d9368c4) Importer(815301076,1909f56bfc062723c751e8b465ee728b)
Start importing Assets/Mega Bot Areas/Pixel Art/Under Pipes Area/tileset_25.asset using Guid(bfcdcc0583301684793bf59c1d9368c4) Importer(815301076,1909f56bfc062723c751e8b465ee728b)  -> (artifact id: '3a02e3c2eaf7d852c2fd3895766faa8b') in 0.012040 seconds 
========================================================================
Received Import Request.
  Time since last request: 0.000027 seconds.
  path: Assets/Mega Bot Areas/Pixel Art/Under Pipes Area/tileset_34.asset
  artifactKey: Guid(44ef63d826938334099b314312f82179) Importer(815301076,1909f56bfc062723c751e8b465ee728b)
Start importing Assets/Mega Bot Areas/Pixel Art/Under Pipes Area/tileset_34.asset using Guid(44ef63d826938334099b314312f82179) Importer(815301076,1909f56bfc062723c751e8b465ee728b)  -> (artifact id: '0afc9e071ca9a16d6e486621f32a0fe4') in 0.012906 seconds 
========================================================================
Received Import Request.
  Time since last request: 0.000024 seconds.
  path: Assets/Mega Bot Areas/Pixel Art/Under Pipes Area/tileset_21.asset
  artifactKey: Guid(e9ea3ad292b985442b7bf95edf4df942) Importer(815301076,1909f56bfc062723c751e8b465ee728b)
Start importing Assets/Mega Bot Areas/Pixel Art/Under Pipes Area/tileset_21.asset using Guid(e9ea3ad292b985442b7bf95edf4df942) Importer(815301076,1909f56bfc062723c751e8b465ee728b)  -> (artifact id: '9b1aa4be6df4035001ab9991c22df76e') in 0.013297 seconds 
========================================================================
Received Import Request.
  Time since last request: 0.000028 seconds.
  path: Assets/Mega Bot Areas/Pixel Art/Under Pipes Area/tileset_30.asset
  artifactKey: Guid(05da3aaa356f1c24591764baea807164) Importer(815301076,1909f56bfc062723c751e8b465ee728b)
Start importing Assets/Mega Bot Areas/Pixel Art/Under Pipes Area/tileset_30.asset using Guid(05da3aaa356f1c24591764baea807164) Importer(815301076,1909f56bfc062723c751e8b465ee728b)  -> (artifact id: 'd48ddd6b531fc811a0db1aa3ced84db8') in 0.012165 seconds 
========================================================================
Received Import Request.
  Time since last request: 0.000029 seconds.
  path: Assets/Mega Bot Areas/Pixel Art/Under Pipes Area/tileset_10.asset
  artifactKey: Guid(e4c4c5fe1bcd0b542a6b7604718b4600) Importer(815301076,1909f56bfc062723c751e8b465ee728b)
Start importing Assets/Mega Bot Areas/Pixel Art/Under Pipes Area/tileset_10.asset using Guid(e4c4c5fe1bcd0b542a6b7604718b4600) Importer(815301076,1909f56bfc062723c751e8b465ee728b)  -> (artifact id: 'd16b7e49de3b43199e684b3067476314') in 0.012469 seconds 
========================================================================
Received Import Request.
  Time since last request: 0.000021 seconds.
  path: Assets/Mega Bot Areas/Pixel Art/Under Pipes Area/tileset_20.asset
  artifactKey: Guid(f72d7a0272025284883846003f299008) Importer(815301076,1909f56bfc062723c751e8b465ee728b)
Start importing Assets/Mega Bot Areas/Pixel Art/Under Pipes Area/tileset_20.asset using Guid(f72d7a0272025284883846003f299008) Importer(815301076,1909f56bfc062723c751e8b465ee728b)  -> (artifact id: '8f571c423e9bf52f0dbf77a37745a8ca') in 0.010788 seconds 
========================================================================
Received Import Request.
  Time since last request: 0.000020 seconds.
  path: Assets/Mega Bot Areas/Pixel Art/Under Pipes Area/tileset_17.asset
  artifactKey: Guid(1778caba443d85f4f8c65280c5e1e2b1) Importer(815301076,1909f56bfc062723c751e8b465ee728b)
Start importing Assets/Mega Bot Areas/Pixel Art/Under Pipes Area/tileset_17.asset using Guid(1778caba443d85f4f8c65280c5e1e2b1) Importer(815301076,1909f56bfc062723c751e8b465ee728b)  -> (artifact id: '7474d8160f96fb6b9670cd7d4b1c2c33') in 0.009156 seconds 
========================================================================
Received Import Request.
  Time since last request: 0.000027 seconds.
  path: Assets/Mega Bot Areas/Pixel Art/Under Pipes Area/tileset_38.asset
  artifactKey: Guid(79f3d33c52295204d984dfe5e3ffb9cb) Importer(815301076,1909f56bfc062723c751e8b465ee728b)
Start importing Assets/Mega Bot Areas/Pixel Art/Under Pipes Area/tileset_38.asset using Guid(79f3d33c52295204d984dfe5e3ffb9cb) Importer(815301076,1909f56bfc062723c751e8b465ee728b)  -> (artifact id: '7f3933c70326ec637d8d590b44ed5a95') in 0.011025 seconds 
========================================================================
Received Import Request.
  Time since last request: 0.000020 seconds.
  path: Assets/Mega Bot Areas/Pixel Art/Under Pipes Area/tileset_22.asset
  artifactKey: Guid(d6d3cf55b8fb6c74e983a878113d2633) Importer(815301076,1909f56bfc062723c751e8b465ee728b)
Start importing Assets/Mega Bot Areas/Pixel Art/Under Pipes Area/tileset_22.asset using Guid(d6d3cf55b8fb6c74e983a878113d2633) Importer(815301076,1909f56bfc062723c751e8b465ee728b)  -> (artifact id: '8789981c56cb65a3330e4dd75df134c6') in 0.008845 seconds 
========================================================================
Received Import Request.
  Time since last request: 0.000022 seconds.
  path: Assets/Mega Bot Areas/Pixel Art/Under Pipes Area/tileset_15.asset
  artifactKey: Guid(a09d3a3023827894d954018257891b37) Importer(815301076,1909f56bfc062723c751e8b465ee728b)
Start importing Assets/Mega Bot Areas/Pixel Art/Under Pipes Area/tileset_15.asset using Guid(a09d3a3023827894d954018257891b37) Importer(815301076,1909f56bfc062723c751e8b465ee728b)  -> (artifact id: '27b11aaf6fc2bd797d9903be4cb5ffa4') in 0.009575 seconds 
========================================================================
Received Import Request.
  Time since last request: 0.000030 seconds.
  path: Assets/Mega Bot Areas/Pixel Art/Under Pipes Area/tileset_3.asset
  artifactKey: Guid(2a95d613bbe73c64dbb365015463c177) Importer(815301076,1909f56bfc062723c751e8b465ee728b)
Start importing Assets/Mega Bot Areas/Pixel Art/Under Pipes Area/tileset_3.asset using Guid(2a95d613bbe73c64dbb365015463c177) Importer(815301076,1909f56bfc062723c751e8b465ee728b)  -> (artifact id: '80a9db08eb91f6f2008544a0040887dc') in 0.010536 seconds 
========================================================================
Received Import Request.
  Time since last request: 0.000020 seconds.
  path: Assets/Mega Bot Areas/Pixel Art/Under Pipes Area/tileset_42.asset
  artifactKey: Guid(d4e746e5cc60020409fcf96e8f5f8ec8) Importer(815301076,1909f56bfc062723c751e8b465ee728b)
Start importing Assets/Mega Bot Areas/Pixel Art/Under Pipes Area/tileset_42.asset using Guid(d4e746e5cc60020409fcf96e8f5f8ec8) Importer(815301076,1909f56bfc062723c751e8b465ee728b)  -> (artifact id: '016848e1dd17ea0c656c0de870b2dc20') in 0.012370 seconds 
========================================================================
Received Import Request.
  Time since last request: 0.000023 seconds.
  path: Assets/Mega Bot Areas/Pixel Art/Under Pipes Area/tileset_14.asset
  artifactKey: Guid(7846fb5c36ef6bd4389f96881720842b) Importer(815301076,1909f56bfc062723c751e8b465ee728b)
Start importing Assets/Mega Bot Areas/Pixel Art/Under Pipes Area/tileset_14.asset using Guid(7846fb5c36ef6bd4389f96881720842b) Importer(815301076,1909f56bfc062723c751e8b465ee728b)  -> (artifact id: '031a4aeae7a4c393d5d4b500b52bd838') in 0.011901 seconds 
========================================================================
Received Import Request.
  Time since last request: 0.000020 seconds.
  path: Assets/Mega Bot Areas/Pixel Art/Under Pipes Area/tileset_45.asset
  artifactKey: Guid(57514cde7d58ced4196b206d5d72daea) Importer(815301076,1909f56bfc062723c751e8b465ee728b)
Start importing Assets/Mega Bot Areas/Pixel Art/Under Pipes Area/tileset_45.asset using Guid(57514cde7d58ced4196b206d5d72daea) Importer(815301076,1909f56bfc062723c751e8b465ee728b)  -> (artifact id: '0709cab5fc04220b23a78ba3d591d469') in 0.011855 seconds 
========================================================================
Received Import Request.
  Time since last request: 0.000032 seconds.
  path: Assets/Mega Bot Areas/Pixel Art/Under Pipes Area/tileset_11.asset
  artifactKey: Guid(368af2c11837e5c4397c0f475e1c8add) Importer(815301076,1909f56bfc062723c751e8b465ee728b)
Start importing Assets/Mega Bot Areas/Pixel Art/Under Pipes Area/tileset_11.asset using Guid(368af2c11837e5c4397c0f475e1c8add) Importer(815301076,1909f56bfc062723c751e8b465ee728b)  -> (artifact id: '73eb94950d9b0a8bce637bff0243882c') in 0.011523 seconds 
========================================================================
Received Import Request.
  Time since last request: 30.462871 seconds.
  path: Assets/Mega Bot Areas/Pixel Art/Under Pipes Area/tileset.png
  artifactKey: Guid(f29b820a2b25d49f8898f1bffb30f70a) Importer(815301076,1909f56bfc062723c751e8b465ee728b)
Start importing Assets/Mega Bot Areas/Pixel Art/Under Pipes Area/tileset.png using Guid(f29b820a2b25d49f8898f1bffb30f70a) Importer(815301076,1909f56bfc062723c751e8b465ee728b)  -> (artifact id: 'a1f6abaadc24df84c82972877f28634c') in 0.118062 seconds 
========================================================================
Received Import Request.
  Time since last request: 0.000034 seconds.
  path: Assets/Mega Bot Areas/Pixel Art/Under Pipes Area/tileset_37.asset
  artifactKey: Guid(6e87e7126cec71a46bd66c173aaafda2) Importer(815301076,1909f56bfc062723c751e8b465ee728b)
Start importing Assets/Mega Bot Areas/Pixel Art/Under Pipes Area/tileset_37.asset using Guid(6e87e7126cec71a46bd66c173aaafda2) Importer(815301076,1909f56bfc062723c751e8b465ee728b)  -> (artifact id: '490094eedd2361f3b7dc8c3051977806') in 0.008414 seconds 
========================================================================
Received Import Request.
  Time since last request: 0.000026 seconds.
  path: Assets/Mega Bot Areas/Pixel Art/Under Pipes Area/tileset_35.asset
  artifactKey: Guid(9845aff743f0ca44ea6c3e73cedb1b47) Importer(815301076,1909f56bfc062723c751e8b465ee728b)
Start importing Assets/Mega Bot Areas/Pixel Art/Under Pipes Area/tileset_35.asset using Guid(9845aff743f0ca44ea6c3e73cedb1b47) Importer(815301076,1909f56bfc062723c751e8b465ee728b)  -> (artifact id: '8ebd4980fa0bed3494aec065cf0fc49f') in 0.006358 seconds 
========================================================================
Received Import Request.
  Time since last request: 0.000020 seconds.
  path: Assets/Mega Bot Areas/Pixel Art/Under Pipes Area/tileset_16.asset
  artifactKey: Guid(eb3d081bf733ee74b921f3b74a415a2e) Importer(815301076,1909f56bfc062723c751e8b465ee728b)
Start importing Assets/Mega Bot Areas/Pixel Art/Under Pipes Area/tileset_16.asset using Guid(eb3d081bf733ee74b921f3b74a415a2e) Importer(815301076,1909f56bfc062723c751e8b465ee728b)  -> (artifact id: '78576393ac10b6d5fb0d57288a95194b') in 0.007624 seconds 
========================================================================
Received Import Request.
  Time since last request: 0.000021 seconds.
  path: Assets/Mega Bot Areas/Pixel Art/Under Pipes Area/tileset_21.asset
  artifactKey: Guid(e9ea3ad292b985442b7bf95edf4df942) Importer(815301076,1909f56bfc062723c751e8b465ee728b)
Start importing Assets/Mega Bot Areas/Pixel Art/Under Pipes Area/tileset_21.asset using Guid(e9ea3ad292b985442b7bf95edf4df942) Importer(815301076,1909f56bfc062723c751e8b465ee728b)  -> (artifact id: 'c9e96a796cf7f48dfdcd5d87205353bf') in 0.007234 seconds 
========================================================================
Received Import Request.
  Time since last request: 0.000022 seconds.
  path: Assets/Mega Bot Areas/Pixel Art/Under Pipes Area/tileset_7.asset
  artifactKey: Guid(514b41f666cecea4491b1e714c333f92) Importer(815301076,1909f56bfc062723c751e8b465ee728b)
Start importing Assets/Mega Bot Areas/Pixel Art/Under Pipes Area/tileset_7.asset using Guid(514b41f666cecea4491b1e714c333f92) Importer(815301076,1909f56bfc062723c751e8b465ee728b)  -> (artifact id: 'c2f5e10a6390d267a646028d0adcb3fe') in 0.007104 seconds 
========================================================================
Received Import Request.
  Time since last request: 0.000022 seconds.
  path: Assets/Mega Bot Areas/Pixel Art/Under Pipes Area/tileset_8.asset
  artifactKey: Guid(3ab65a379926ac04e8dccbf709e70e12) Importer(815301076,1909f56bfc062723c751e8b465ee728b)
Start importing Assets/Mega Bot Areas/Pixel Art/Under Pipes Area/tileset_8.asset using Guid(3ab65a379926ac04e8dccbf709e70e12) Importer(815301076,1909f56bfc062723c751e8b465ee728b)  -> (artifact id: 'd3cc374f70cb2e9a5c79c4abec07ca61') in 0.006837 seconds 
========================================================================
Received Import Request.
  Time since last request: 0.000019 seconds.
  path: Assets/Mega Bot Areas/Pixel Art/Under Pipes Area/tileset_17.asset
  artifactKey: Guid(1778caba443d85f4f8c65280c5e1e2b1) Importer(815301076,1909f56bfc062723c751e8b465ee728b)
Start importing Assets/Mega Bot Areas/Pixel Art/Under Pipes Area/tileset_17.asset using Guid(1778caba443d85f4f8c65280c5e1e2b1) Importer(815301076,1909f56bfc062723c751e8b465ee728b)  -> (artifact id: '29610b39faedb2191d573b662614c8d8') in 0.007127 seconds 
========================================================================
Received Import Request.
  Time since last request: 0.000022 seconds.
  path: Assets/Mega Bot Areas/Pixel Art/Under Pipes Area/tileset_27.asset
  artifactKey: Guid(6fae3b23ce1959d4fbd468aee5044691) Importer(815301076,1909f56bfc062723c751e8b465ee728b)
Start importing Assets/Mega Bot Areas/Pixel Art/Under Pipes Area/tileset_27.asset using Guid(6fae3b23ce1959d4fbd468aee5044691) Importer(815301076,1909f56bfc062723c751e8b465ee728b)  -> (artifact id: '15fc7b51cba7c84e94d8aa277a896e7e') in 0.008105 seconds 
========================================================================
Received Import Request.
  Time since last request: 0.000018 seconds.
  path: Assets/Mega Bot Areas/Pixel Art/Under Pipes Area/tileset_15.asset
  artifactKey: Guid(a09d3a3023827894d954018257891b37) Importer(815301076,1909f56bfc062723c751e8b465ee728b)
Start importing Assets/Mega Bot Areas/Pixel Art/Under Pipes Area/tileset_15.asset using Guid(a09d3a3023827894d954018257891b37) Importer(815301076,1909f56bfc062723c751e8b465ee728b)  -> (artifact id: 'f24eed1f2309cf8e90bb38ce4139ab91') in 0.007346 seconds 
========================================================================
Received Import Request.
  Time since last request: 0.000020 seconds.
  path: Assets/Mega Bot Areas/Pixel Art/Under Pipes Area/tileset_44.asset
  artifactKey: Guid(aa622506d4ded714f9a2230ea0cfbacb) Importer(815301076,1909f56bfc062723c751e8b465ee728b)
Start importing Assets/Mega Bot Areas/Pixel Art/Under Pipes Area/tileset_44.asset using Guid(aa622506d4ded714f9a2230ea0cfbacb) Importer(815301076,1909f56bfc062723c751e8b465ee728b)  -> (artifact id: '39c5805191aa62ea0b8e572f4c6120ef') in 0.006773 seconds 
========================================================================
Received Import Request.
  Time since last request: 0.000019 seconds.
  path: Assets/Mega Bot Areas/Pixel Art/Under Pipes Area/tileset_14.asset
  artifactKey: Guid(7846fb5c36ef6bd4389f96881720842b) Importer(815301076,1909f56bfc062723c751e8b465ee728b)
Start importing Assets/Mega Bot Areas/Pixel Art/Under Pipes Area/tileset_14.asset using Guid(7846fb5c36ef6bd4389f96881720842b) Importer(815301076,1909f56bfc062723c751e8b465ee728b)  -> (artifact id: 'b3a8c183f7000ebb3ace8c4a6dd0fdbc') in 0.007882 seconds 
========================================================================
Received Import Request.
  Time since last request: 0.000021 seconds.
  path: Assets/Mega Bot Areas/Pixel Art/Under Pipes Area/tileset_24.asset
  artifactKey: Guid(275c26149c0734e43b598655a8f472d4) Importer(815301076,1909f56bfc062723c751e8b465ee728b)
Start importing Assets/Mega Bot Areas/Pixel Art/Under Pipes Area/tileset_24.asset using Guid(275c26149c0734e43b598655a8f472d4) Importer(815301076,1909f56bfc062723c751e8b465ee728b)  -> (artifact id: '9f59b99c22b0e41cf9f5a0002071a0be') in 0.006800 seconds 
========================================================================
Received Import Request.
  Time since last request: 4.293402 seconds.
  path: Assets/Mega Bot Areas/Pixel Art/Under Pipes Area/tileset.png
  artifactKey: Guid(f29b820a2b25d49f8898f1bffb30f70a) Importer(815301076,1909f56bfc062723c751e8b465ee728b)
Start importing Assets/Mega Bot Areas/Pixel Art/Under Pipes Area/tileset.png using Guid(f29b820a2b25d49f8898f1bffb30f70a) Importer(815301076,1909f56bfc062723c751e8b465ee728b)  -> (artifact id: '6332f7c20d3c8128ff20658afcb29938') in 0.119494 seconds 
========================================================================
Received Import Request.
  Time since last request: 0.000019 seconds.
  path: Assets/Mega Bot Areas/Pixel Art/Under Pipes Area/tileset_25.asset
  artifactKey: Guid(bfcdcc0583301684793bf59c1d9368c4) Importer(815301076,1909f56bfc062723c751e8b465ee728b)
Start importing Assets/Mega Bot Areas/Pixel Art/Under Pipes Area/tileset_25.asset using Guid(bfcdcc0583301684793bf59c1d9368c4) Importer(815301076,1909f56bfc062723c751e8b465ee728b)  -> (artifact id: 'bbe45d01d34e5f4b88266bc43b462abd') in 0.007159 seconds 
========================================================================
Received Import Request.
  Time since last request: 0.000031 seconds.
  path: Assets/Mega Bot Areas/Pixel Art/Under Pipes Area/tileset_34.asset
  artifactKey: Guid(44ef63d826938334099b314312f82179) Importer(815301076,1909f56bfc062723c751e8b465ee728b)
Start importing Assets/Mega Bot Areas/Pixel Art/Under Pipes Area/tileset_34.asset using Guid(44ef63d826938334099b314312f82179) Importer(815301076,1909f56bfc062723c751e8b465ee728b)  -> (artifact id: 'f8039b567659b180cc02c919a585e13e') in 0.007408 seconds 
========================================================================
Received Import Request.
  Time since last request: 0.000023 seconds.
  path: Assets/Mega Bot Areas/Pixel Art/Under Pipes Area/tileset_30.asset
  artifactKey: Guid(05da3aaa356f1c24591764baea807164) Importer(815301076,1909f56bfc062723c751e8b465ee728b)
Start importing Assets/Mega Bot Areas/Pixel Art/Under Pipes Area/tileset_30.asset using Guid(05da3aaa356f1c24591764baea807164) Importer(815301076,1909f56bfc062723c751e8b465ee728b)  -> (artifact id: '8ff06a8d8f10b5c9bd68ca2562169e6d') in 0.006661 seconds 
========================================================================
Received Import Request.
  Time since last request: 0.000017 seconds.
  path: Assets/Mega Bot Areas/Pixel Art/Under Pipes Area/tileset_10.asset
  artifactKey: Guid(e4c4c5fe1bcd0b542a6b7604718b4600) Importer(815301076,1909f56bfc062723c751e8b465ee728b)
Start importing Assets/Mega Bot Areas/Pixel Art/Under Pipes Area/tileset_10.asset using Guid(e4c4c5fe1bcd0b542a6b7604718b4600) Importer(815301076,1909f56bfc062723c751e8b465ee728b)  -> (artifact id: '10f46ca856384d47ba8733f8581aff72') in 0.007518 seconds 
========================================================================
Received Import Request.
  Time since last request: 0.000022 seconds.
  path: Assets/Mega Bot Areas/Pixel Art/Under Pipes Area/tileset_31.asset
  artifactKey: Guid(302e86bfdac7dc049ab338ce9677d7d5) Importer(815301076,1909f56bfc062723c751e8b465ee728b)
Start importing Assets/Mega Bot Areas/Pixel Art/Under Pipes Area/tileset_31.asset using Guid(302e86bfdac7dc049ab338ce9677d7d5) Importer(815301076,1909f56bfc062723c751e8b465ee728b)  -> (artifact id: 'cf76feaa2ca4c4e63a71e1503091daf6') in 0.007239 seconds 
========================================================================
Received Import Request.
  Time since last request: 0.000018 seconds.
  path: Assets/Mega Bot Areas/Pixel Art/Under Pipes Area/tileset_38.asset
  artifactKey: Guid(79f3d33c52295204d984dfe5e3ffb9cb) Importer(815301076,1909f56bfc062723c751e8b465ee728b)
Start importing Assets/Mega Bot Areas/Pixel Art/Under Pipes Area/tileset_38.asset using Guid(79f3d33c52295204d984dfe5e3ffb9cb) Importer(815301076,1909f56bfc062723c751e8b465ee728b)  -> (artifact id: 'e552070fe1a646c37c3f64761f9d4259') in 0.008400 seconds 
========================================================================
Received Import Request.
  Time since last request: 0.000017 seconds.
  path: Assets/Mega Bot Areas/Pixel Art/Under Pipes Area/tileset_15.asset
  artifactKey: Guid(a09d3a3023827894d954018257891b37) Importer(815301076,1909f56bfc062723c751e8b465ee728b)
Start importing Assets/Mega Bot Areas/Pixel Art/Under Pipes Area/tileset_15.asset using Guid(a09d3a3023827894d954018257891b37) Importer(815301076,1909f56bfc062723c751e8b465ee728b)  -> (artifact id: '257b1d8067ea7f78e16129a4e78d1882') in 0.006742 seconds 
========================================================================
Received Import Request.
  Time since last request: 0.000024 seconds.
  path: Assets/Mega Bot Areas/Pixel Art/Under Pipes Area/tileset_28.asset
  artifactKey: Guid(34dff371e34d4f44c9a18a1dec05d135) Importer(815301076,1909f56bfc062723c751e8b465ee728b)
Start importing Assets/Mega Bot Areas/Pixel Art/Under Pipes Area/tileset_28.asset using Guid(34dff371e34d4f44c9a18a1dec05d135) Importer(815301076,1909f56bfc062723c751e8b465ee728b)  -> (artifact id: 'cf5806b66a47e267dadd636614ed60fe') in 0.006166 seconds 
========================================================================
Received Import Request.
  Time since last request: 0.000021 seconds.
  path: Assets/Mega Bot Areas/Pixel Art/Under Pipes Area/tileset_14.asset
  artifactKey: Guid(7846fb5c36ef6bd4389f96881720842b) Importer(815301076,1909f56bfc062723c751e8b465ee728b)
Start importing Assets/Mega Bot Areas/Pixel Art/Under Pipes Area/tileset_14.asset using Guid(7846fb5c36ef6bd4389f96881720842b) Importer(815301076,1909f56bfc062723c751e8b465ee728b)  -> (artifact id: '659ccf5ef541b5290ff4a63b23d1b974') in 0.006969 seconds 
========================================================================
Received Import Request.
  Time since last request: 0.000017 seconds.
  path: Assets/Mega Bot Areas/Pixel Art/Under Pipes Area/tileset_45.asset
  artifactKey: Guid(57514cde7d58ced4196b206d5d72daea) Importer(815301076,1909f56bfc062723c751e8b465ee728b)
Start importing Assets/Mega Bot Areas/Pixel Art/Under Pipes Area/tileset_45.asset using Guid(57514cde7d58ced4196b206d5d72daea) Importer(815301076,1909f56bfc062723c751e8b465ee728b)  -> (artifact id: 'df8e919e9fffb93f4109aaa6df367d70') in 0.007636 seconds 
Editor requested this worker to shutdown with reason: Scaling down because of idle timeout
AssetImportWorker is now disconnected from the server
Process exiting
Exiting without the bug reporter. Application will terminate with return code 0