Using pre-set license
Built from '2021.3/staging' branch; Version is '2021.3.10f1 (1c7d0df0160b) revision 1867021'; Using compiler version '192829333'; Build Type 'Release'
OS: 'Windows 11  (10.0.22000) 64bit Core' Language: 'en' Physical Memory: 16223 MB
BatchMode: 1, IsHumanControllingUs: 0, StartBugReporterOnCrash: 0, Is64bit: 1, IsPro: 1

COMMAND LINE ARGUMENTS:
C:\Program Files\Unity\Hub\Editor\2021.3.10f1\Editor\Unity.exe
-adb2
-batchMode
-noUpm
-name
AssetImportWorker3
-projectPath
C:/Users/Neil/Documents/GitHub/AITO/AITO
-logFile
Logs/AssetImportWorker3.log
-srvPort
64538
Successfully changed project path to: C:/Users/Neil/Documents/GitHub/AITO/AITO
C:/Users/Neil/Documents/GitHub/AITO/AITO
[UnityMemory] Configuration Parameters - Can be set up in boot.config
    "memorysetup-bucket-allocator-granularity=16"
    "memorysetup-bucket-allocator-bucket-count=8"
    "memorysetup-bucket-allocator-block-size=33554432"
    "memorysetup-bucket-allocator-block-count=8"
    "memorysetup-main-allocator-block-size=16777216"
    "memorysetup-thread-allocator-block-size=16777216"
    "memorysetup-gfx-main-allocator-block-size=16777216"
    "memorysetup-gfx-thread-allocator-block-size=16777216"
    "memorysetup-cache-allocator-block-size=4194304"
    "memorysetup-typetree-allocator-block-size=2097152"
    "memorysetup-profiler-bucket-allocator-granularity=16"
    "memorysetup-profiler-bucket-allocator-bucket-count=8"
    "memorysetup-profiler-bucket-allocator-block-size=33554432"
    "memorysetup-profiler-bucket-allocator-block-count=8"
    "memorysetup-profiler-allocator-block-size=16777216"
    "memorysetup-profiler-editor-allocator-block-size=1048576"
    "memorysetup-temp-allocator-size-main=16777216"
    "memorysetup-job-temp-allocator-block-size=2097152"
    "memorysetup-job-temp-allocator-block-size-background=1048576"
    "memorysetup-job-temp-allocator-reduction-small-platforms=262144"
    "memorysetup-temp-allocator-size-background-worker=32768"
    "memorysetup-temp-allocator-size-job-worker=262144"
    "memorysetup-temp-allocator-size-preload-manager=33554432"
    "memorysetup-temp-allocator-size-nav-mesh-worker=65536"
    "memorysetup-temp-allocator-size-audio-worker=65536"
    "memorysetup-temp-allocator-size-cloud-worker=32768"
    "memorysetup-temp-allocator-size-gi-baking-worker=262144"
    "memorysetup-temp-allocator-size-gfx=262144"
Refreshing native plugins compatible for Editor in 120.00 ms, found 4 plugins.
Preloading 0 native plugins for Editor in 0.00 ms.
Initialize engine version: 2021.3.10f1 (1c7d0df0160b)
[Subsystems] Discovering subsystems at path C:/Program Files/Unity/Hub/Editor/2021.3.10f1/Editor/Data/Resources/UnitySubsystems
[Subsystems] Discovering subsystems at path C:/Users/Neil/Documents/GitHub/AITO/AITO/Assets
GfxDevice: creating device client; threaded=0; jobified=0
Direct3D:
    Version:  Direct3D 11.0 [level 11.1]
    Renderer: AMD Radeon RX 6600 XT (ID=0x73ff)
    Vendor:   ATI
    VRAM:     8146 MB
    Driver:   31.0.12016.4002
Initialize mono
Mono path[0] = 'C:/Program Files/Unity/Hub/Editor/2021.3.10f1/Editor/Data/Managed'
Mono path[1] = 'C:/Program Files/Unity/Hub/Editor/2021.3.10f1/Editor/Data/MonoBleedingEdge/lib/mono/unityjit-win32'
Mono config path = 'C:/Program Files/Unity/Hub/Editor/2021.3.10f1/Editor/Data/MonoBleedingEdge/etc'
Using monoOptions --debugger-agent=transport=dt_socket,embedding=1,server=y,suspend=n,address=127.0.0.1:56340
Begin MonoManager ReloadAssembly
Registering precompiled unity dll's ...
Register platform support module: C:/Program Files/Unity/Hub/Editor/2021.3.10f1/Editor/Data/PlaybackEngines/MacStandaloneSupport/UnityEditor.OSXStandalone.Extensions.dll
Register platform support module: C:/Program Files/Unity/Hub/Editor/2021.3.10f1/Editor/Data/PlaybackEngines/WindowsStandaloneSupport/UnityEditor.WindowsStandalone.Extensions.dll
Registered in 0.006176 seconds.
Native extension for WindowsStandalone target not found
Native extension for OSXStandalone target not found
Refreshing native plugins compatible for Editor in 89.79 ms, found 4 plugins.
Preloading 0 native plugins for Editor in 0.00 ms.
Mono: successfully reloaded assembly
- Completed reload, in  0.546 seconds
Domain Reload Profiling:
	ReloadAssembly (546ms)
		BeginReloadAssembly (62ms)
			ExecutionOrderSort (0ms)
			DisableScriptedObjects (0ms)
			BackupInstance (0ms)
			ReleaseScriptingObjects (0ms)
			CreateAndSetChildDomain (1ms)
		EndReloadAssembly (398ms)
			LoadAssemblies (60ms)
			RebuildTransferFunctionScriptingTraits (0ms)
			SetupTypeCache (76ms)
			ReleaseScriptCaches (0ms)
			RebuildScriptCaches (21ms)
			SetupLoadedEditorAssemblies (256ms)
				LogAssemblyErrors (0ms)
				InitializePlatformSupportModulesInManaged (9ms)
				SetLoadedEditorAssemblies (0ms)
				RefreshPlugins (90ms)
				BeforeProcessingInitializeOnLoad (1ms)
				ProcessInitializeOnLoadAttributes (117ms)
				ProcessInitializeOnLoadMethodAttributes (38ms)
				AfterProcessingInitializeOnLoad (0ms)
				EditorAssembliesLoaded (0ms)
			ExecutionOrderSort2 (0ms)
			AwakeInstancesAfterBackupRestoration (0ms)
Platform modules already initialized, skipping
Registering precompiled user dll's ...
Registered in 0.010839 seconds.
Begin MonoManager ReloadAssembly
Symbol file LoadedFromMemory doesn't match image C:\Users\Neil\Documents\GitHub\AITO\AITO\Library\PackageCache\com.unity.visualscripting@1.7.8\Editor\VisualScripting.Core\Dependencies\YamlDotNet\Unity.VisualScripting.YamlDotNet.dll
Symbol file LoadedFromMemory doesn't match image C:\Users\Neil\Documents\GitHub\AITO\AITO\Library\PackageCache\com.unity.visualscripting@1.7.8\Editor\VisualScripting.Core\Dependencies\DotNetZip\Unity.VisualScripting.IonicZip.dll
Native extension for WindowsStandalone target not found
Native extension for OSXStandalone target not found
Refreshing native plugins compatible for Editor in 86.66 ms, found 4 plugins.
Preloading 0 native plugins for Editor in 0.00 ms.
Mono: successfully reloaded assembly
- Completed reload, in  0.982 seconds
Domain Reload Profiling:
	ReloadAssembly (983ms)
		BeginReloadAssembly (93ms)
			ExecutionOrderSort (0ms)
			DisableScriptedObjects (5ms)
			BackupInstance (0ms)
			ReleaseScriptingObjects (0ms)
			CreateAndSetChildDomain (17ms)
		EndReloadAssembly (794ms)
			LoadAssemblies (85ms)
			RebuildTransferFunctionScriptingTraits (0ms)
			SetupTypeCache (202ms)
			ReleaseScriptCaches (1ms)
			RebuildScriptCaches (42ms)
			SetupLoadedEditorAssemblies (432ms)
				LogAssemblyErrors (0ms)
				InitializePlatformSupportModulesInManaged (6ms)
				SetLoadedEditorAssemblies (0ms)
				RefreshPlugins (87ms)
				BeforeProcessingInitializeOnLoad (95ms)
				ProcessInitializeOnLoadAttributes (201ms)
				ProcessInitializeOnLoadMethodAttributes (35ms)
				AfterProcessingInitializeOnLoad (7ms)
				EditorAssembliesLoaded (0ms)
			ExecutionOrderSort2 (0ms)
			AwakeInstancesAfterBackupRestoration (5ms)
Platform modules already initialized, skipping
========================================================================
Worker process is ready to serve import requests
Launched and connected shader compiler UnityShaderCompiler.exe after 0.03 seconds
Refreshing native plugins compatible for Editor in 1.58 ms, found 4 plugins.
Preloading 0 native plugins for Editor in 0.00 ms.
Unloading 4189 Unused Serialized files (Serialized files now loaded: 0)
Unloading 41 unused Assets / (113.7 KB). Loaded Objects now: 4644.
Memory consumption went from 156.3 MB to 156.2 MB.
Total: 3.294500 ms (FindLiveObjects: 0.308000 ms CreateObjectMapping: 0.251600 ms MarkObjects: 2.636800 ms  DeleteObjects: 0.097200 ms)

AssetImportParameters requested are different than current active one (requested -> active):
  custom:video-decoder-ogg-theora: a1e56fd34408186e4bbccfd4996cb3dc -> 
  custom:container-muxer-webm: aa71ff27fc2769a1b78a27578f13a17b -> 
  custom:container-demuxer-webm: 4f35f7cbe854078d1ac9338744f61a02 -> 
  custom:video-encoder-webm-vp8: eb34c28f22e8b96e1ab97ce403110664 -> 
  custom:video-codec-MediaFoundation-h265: 746d11721c4dcdbdad8f713fa42b33f4 -> 
  custom:audio-encoder-webm-vorbis: bf7c407c2cedff20999df2af8eb42d56 -> 
  custom:framework-win-MediaFoundation: 216162199b28c13a410421893ffa2e32 -> 
  custom:SearchIndexIgnoredProperties: e643bd26f0fe6173181afceb89e7c659 -> 
  custom:container-demuxer-ogg: 62fdf1f143b41e24485cea50d1cbac27 -> 
  custom:video-decoder-webm-vp8: 9c59270c3fd7afecdb556c50c9e8de78 -> 
  custom:audio-decoder-ogg-vorbis: bf7c407c2cedff20999df2af8eb42d56 -> 
========================================================================
Received Import Request.
  Time since last request: 86739.517396 seconds.
  path: Assets/Mega Bot Areas/Pixel Art/Under Pipes Area/tileset_1.asset
  artifactKey: Guid(a3d7d1986a00e5d4b824f57a4eec12fb) Importer(815301076,1909f56bfc062723c751e8b465ee728b)
Start importing Assets/Mega Bot Areas/Pixel Art/Under Pipes Area/tileset_1.asset using Guid(a3d7d1986a00e5d4b824f57a4eec12fb) Importer(815301076,1909f56bfc062723c751e8b465ee728b)  -> (artifact id: '7faf33aa382e2e711eb22b08dfc98c7c') in 0.072941 seconds 
========================================================================
Received Import Request.
  Time since last request: 0.000016 seconds.
  path: Assets/Mega Bot Areas/Pixel Art/Under Pipes Area/tileset_40.asset
  artifactKey: Guid(e7ecf7bc7c99b8a478839ab91f4adab3) Importer(815301076,1909f56bfc062723c751e8b465ee728b)
Start importing Assets/Mega Bot Areas/Pixel Art/Under Pipes Area/tileset_40.asset using Guid(e7ecf7bc7c99b8a478839ab91f4adab3) Importer(815301076,1909f56bfc062723c751e8b465ee728b)  -> (artifact id: '9b2039647c3d74c0c00da79d01b26539') in 0.008042 seconds 
========================================================================
Received Import Request.
  Time since last request: 0.000023 seconds.
  path: Assets/Mega Bot Areas/Pixel Art/Under Pipes Area/tileset_36.asset
  artifactKey: Guid(85f5663ff1e857949982275e2eae3a3f) Importer(815301076,1909f56bfc062723c751e8b465ee728b)
Start importing Assets/Mega Bot Areas/Pixel Art/Under Pipes Area/tileset_36.asset using Guid(85f5663ff1e857949982275e2eae3a3f) Importer(815301076,1909f56bfc062723c751e8b465ee728b)  -> (artifact id: '5f3c9270ec1c9039f8d2a316bd9dfaf9') in 0.007783 seconds 
========================================================================
Received Import Request.
  Time since last request: 0.000017 seconds.
  path: Assets/Mega Bot Areas/Pixel Art/Under Pipes Area/tileset_33.asset
  artifactKey: Guid(9dcf6a07304f1c8499db8c13f6193f62) Importer(815301076,1909f56bfc062723c751e8b465ee728b)
Start importing Assets/Mega Bot Areas/Pixel Art/Under Pipes Area/tileset_33.asset using Guid(9dcf6a07304f1c8499db8c13f6193f62) Importer(815301076,1909f56bfc062723c751e8b465ee728b)  -> (artifact id: '00320daaf1848cb9948573402920b4a3') in 0.006236 seconds 
========================================================================
Received Import Request.
  Time since last request: 0.000019 seconds.
  path: Assets/Mega Bot Areas/Pixel Art/Under Pipes Area/tileset_29.asset
  artifactKey: Guid(8fda6dbea96c71e449f885ec8bcfdba2) Importer(815301076,1909f56bfc062723c751e8b465ee728b)
Start importing Assets/Mega Bot Areas/Pixel Art/Under Pipes Area/tileset_29.asset using Guid(8fda6dbea96c71e449f885ec8bcfdba2) Importer(815301076,1909f56bfc062723c751e8b465ee728b)  -> (artifact id: '9150a4b2ce82b7c13debcc3828ec702f') in 0.007044 seconds 
========================================================================
Received Import Request.
  Time since last request: 0.000026 seconds.
  path: Assets/Mega Bot Areas/Pixel Art/Under Pipes Area/tileset_4.asset
  artifactKey: Guid(ab05fb8bf684c704a8966ea14961c803) Importer(815301076,1909f56bfc062723c751e8b465ee728b)
Start importing Assets/Mega Bot Areas/Pixel Art/Under Pipes Area/tileset_4.asset using Guid(ab05fb8bf684c704a8966ea14961c803) Importer(815301076,1909f56bfc062723c751e8b465ee728b)  -> (artifact id: 'e99f5be68b891f63cc87fd53d3623389') in 0.006982 seconds 
========================================================================
Received Import Request.
  Time since last request: 0.000021 seconds.
  path: Assets/Mega Bot Areas/Pixel Art/Under Pipes Area/tileset_9.asset
  artifactKey: Guid(b7a8451809fddf44eab105c4e9cde4e4) Importer(815301076,1909f56bfc062723c751e8b465ee728b)
Start importing Assets/Mega Bot Areas/Pixel Art/Under Pipes Area/tileset_9.asset using Guid(b7a8451809fddf44eab105c4e9cde4e4) Importer(815301076,1909f56bfc062723c751e8b465ee728b)  -> (artifact id: 'd2ac7b6457ecf6b3bfb4d57094f0234b') in 0.006926 seconds 
========================================================================
Received Import Request.
  Time since last request: 0.000019 seconds.
  path: Assets/Mega Bot Areas/Pixel Art/Under Pipes Area/tileset_26.asset
  artifactKey: Guid(88b1b1b064bcb4946add88dc9d6e61fc) Importer(815301076,1909f56bfc062723c751e8b465ee728b)
Start importing Assets/Mega Bot Areas/Pixel Art/Under Pipes Area/tileset_26.asset using Guid(88b1b1b064bcb4946add88dc9d6e61fc) Importer(815301076,1909f56bfc062723c751e8b465ee728b)  -> (artifact id: 'e2f5cb1eab2c264fc2bcc3e27769f810') in 0.007162 seconds 
========================================================================
Received Import Request.
  Time since last request: 0.000022 seconds.
  path: Assets/Mega Bot Areas/Pixel Art/Under Pipes Area/tileset_20.asset
  artifactKey: Guid(f72d7a0272025284883846003f299008) Importer(815301076,1909f56bfc062723c751e8b465ee728b)
Start importing Assets/Mega Bot Areas/Pixel Art/Under Pipes Area/tileset_20.asset using Guid(f72d7a0272025284883846003f299008) Importer(815301076,1909f56bfc062723c751e8b465ee728b)  -> (artifact id: 'c93142dd05cb2d6cd7801426de53ff6d') in 0.007015 seconds 
========================================================================
Received Import Request.
  Time since last request: 0.000019 seconds.
  path: Assets/Mega Bot Areas/Pixel Art/Under Pipes Area/tileset_41.asset
  artifactKey: Guid(88ee21c3a1cbe0743b57ffeaa70fd284) Importer(815301076,1909f56bfc062723c751e8b465ee728b)
Start importing Assets/Mega Bot Areas/Pixel Art/Under Pipes Area/tileset_41.asset using Guid(88ee21c3a1cbe0743b57ffeaa70fd284) Importer(815301076,1909f56bfc062723c751e8b465ee728b)  -> (artifact id: '33ba742c1e38091044cf00235ab29ae9') in 0.006582 seconds 
========================================================================
Received Import Request.
  Time since last request: 0.000018 seconds.
  path: Assets/Mega Bot Areas/Pixel Art/Under Pipes Area/tileset_22.asset
  artifactKey: Guid(d6d3cf55b8fb6c74e983a878113d2633) Importer(815301076,1909f56bfc062723c751e8b465ee728b)
Start importing Assets/Mega Bot Areas/Pixel Art/Under Pipes Area/tileset_22.asset using Guid(d6d3cf55b8fb6c74e983a878113d2633) Importer(815301076,1909f56bfc062723c751e8b465ee728b)  -> (artifact id: 'cfa94402ad68b5d4131a60e2dfd9c0c3') in 0.007025 seconds 
========================================================================
Received Import Request.
  Time since last request: 0.000022 seconds.
  path: Assets/Mega Bot Areas/Pixel Art/Under Pipes Area/tileset_3.asset
  artifactKey: Guid(2a95d613bbe73c64dbb365015463c177) Importer(815301076,1909f56bfc062723c751e8b465ee728b)
Start importing Assets/Mega Bot Areas/Pixel Art/Under Pipes Area/tileset_3.asset using Guid(2a95d613bbe73c64dbb365015463c177) Importer(815301076,1909f56bfc062723c751e8b465ee728b)  -> (artifact id: '3b1bcfbae30c3ca28072336102c8f57f') in 0.007497 seconds 
========================================================================
Received Import Request.
  Time since last request: 0.000018 seconds.
  path: Assets/Mega Bot Areas/Pixel Art/Under Pipes Area/tileset_42.asset
  artifactKey: Guid(d4e746e5cc60020409fcf96e8f5f8ec8) Importer(815301076,1909f56bfc062723c751e8b465ee728b)
Start importing Assets/Mega Bot Areas/Pixel Art/Under Pipes Area/tileset_42.asset using Guid(d4e746e5cc60020409fcf96e8f5f8ec8) Importer(815301076,1909f56bfc062723c751e8b465ee728b)  -> (artifact id: '13f339b81f07bf05c9a5efde984dc8df') in 0.008138 seconds 
========================================================================
Received Import Request.
  Time since last request: 0.000025 seconds.
  path: Assets/Mega Bot Areas/Pixel Art/Under Pipes Area/tileset_19.asset
  artifactKey: Guid(6c58194fd7d97cf40a737fc3a178879f) Importer(815301076,1909f56bfc062723c751e8b465ee728b)
Start importing Assets/Mega Bot Areas/Pixel Art/Under Pipes Area/tileset_19.asset using Guid(6c58194fd7d97cf40a737fc3a178879f) Importer(815301076,1909f56bfc062723c751e8b465ee728b)  -> (artifact id: 'cfa99355cb17d9809f1f3f178d644362') in 0.008364 seconds 
========================================================================
Received Import Request.
  Time since last request: 0.000020 seconds.
  path: Assets/Mega Bot Areas/Pixel Art/Under Pipes Area/tileset_11.asset
  artifactKey: Guid(368af2c11837e5c4397c0f475e1c8add) Importer(815301076,1909f56bfc062723c751e8b465ee728b)
Start importing Assets/Mega Bot Areas/Pixel Art/Under Pipes Area/tileset_11.asset using Guid(368af2c11837e5c4397c0f475e1c8add) Importer(815301076,1909f56bfc062723c751e8b465ee728b)  -> (artifact id: '562f1ee82721b1ad49b865f5e1abb651') in 0.006484 seconds 
========================================================================
Received Import Request.
  Time since last request: 4.311482 seconds.
  path: Assets/Mega Bot Areas/Pixel Art/Under Pipes Area/tileset_1.asset
  artifactKey: Guid(a3d7d1986a00e5d4b824f57a4eec12fb) Importer(815301076,1909f56bfc062723c751e8b465ee728b)
Start importing Assets/Mega Bot Areas/Pixel Art/Under Pipes Area/tileset_1.asset using Guid(a3d7d1986a00e5d4b824f57a4eec12fb) Importer(815301076,1909f56bfc062723c751e8b465ee728b)  -> (artifact id: '404caa1475c7ebf77aa5c1d2f7a9e1fd') in 0.006889 seconds 
========================================================================
Received Import Request.
  Time since last request: 0.000022 seconds.
  path: Assets/Mega Bot Areas/Pixel Art/Under Pipes Area/tileset_18.asset
  artifactKey: Guid(d316457922ce6974d9319e98f9f1eee6) Importer(815301076,1909f56bfc062723c751e8b465ee728b)
Start importing Assets/Mega Bot Areas/Pixel Art/Under Pipes Area/tileset_18.asset using Guid(d316457922ce6974d9319e98f9f1eee6) Importer(815301076,1909f56bfc062723c751e8b465ee728b)  -> (artifact id: '3c7ae19246cd9f9685e16b8751a6a784') in 0.006333 seconds 
========================================================================
Received Import Request.
  Time since last request: 0.000016 seconds.
  path: Assets/Mega Bot Areas/Pixel Art/Under Pipes Area/tileset_5.asset
  artifactKey: Guid(dbeffa27ecc06b8418e7c910fd206856) Importer(815301076,1909f56bfc062723c751e8b465ee728b)
Start importing Assets/Mega Bot Areas/Pixel Art/Under Pipes Area/tileset_5.asset using Guid(dbeffa27ecc06b8418e7c910fd206856) Importer(815301076,1909f56bfc062723c751e8b465ee728b)  -> (artifact id: '0020052648ec0bd36c9a72e21d17a967') in 0.007164 seconds 
========================================================================
Received Import Request.
  Time since last request: 0.000016 seconds.
  path: Assets/Mega Bot Areas/Pixel Art/Under Pipes Area/tileset_2.asset
  artifactKey: Guid(aac14a31120b64548ac3e3a0861ce3a0) Importer(815301076,1909f56bfc062723c751e8b465ee728b)
Start importing Assets/Mega Bot Areas/Pixel Art/Under Pipes Area/tileset_2.asset using Guid(aac14a31120b64548ac3e3a0861ce3a0) Importer(815301076,1909f56bfc062723c751e8b465ee728b)  -> (artifact id: 'c69d1d53cec3b53bf68cbf10e7269f1d') in 0.006839 seconds 
========================================================================
Received Import Request.
  Time since last request: 0.000018 seconds.
  path: Assets/Mega Bot Areas/Pixel Art/Under Pipes Area/tileset_40.asset
  artifactKey: Guid(e7ecf7bc7c99b8a478839ab91f4adab3) Importer(815301076,1909f56bfc062723c751e8b465ee728b)
Start importing Assets/Mega Bot Areas/Pixel Art/Under Pipes Area/tileset_40.asset using Guid(e7ecf7bc7c99b8a478839ab91f4adab3) Importer(815301076,1909f56bfc062723c751e8b465ee728b)  -> (artifact id: 'dd1f36d63f18fc7f59a232e1ad08958a') in 0.007835 seconds 
========================================================================
Received Import Request.
  Time since last request: 0.000021 seconds.
  path: Assets/Mega Bot Areas/Pixel Art/Under Pipes Area/tileset_39.asset
  artifactKey: Guid(d7e0f80717727224c88c00a6b0a15a5f) Importer(815301076,1909f56bfc062723c751e8b465ee728b)
Start importing Assets/Mega Bot Areas/Pixel Art/Under Pipes Area/tileset_39.asset using Guid(d7e0f80717727224c88c00a6b0a15a5f) Importer(815301076,1909f56bfc062723c751e8b465ee728b)  -> (artifact id: 'cae50257eaf6885e1bbe0b8c3866511c') in 0.007800 seconds 
========================================================================
Received Import Request.
  Time since last request: 0.000018 seconds.
  path: Assets/Mega Bot Areas/Pixel Art/Under Pipes Area/tileset_43.asset
  artifactKey: Guid(4540e23dd1932e5489bca21885ae68cc) Importer(815301076,1909f56bfc062723c751e8b465ee728b)
Start importing Assets/Mega Bot Areas/Pixel Art/Under Pipes Area/tileset_43.asset using Guid(4540e23dd1932e5489bca21885ae68cc) Importer(815301076,1909f56bfc062723c751e8b465ee728b)  -> (artifact id: '02391536c4900a87a3631406cd523f5d') in 0.006997 seconds 
========================================================================
Received Import Request.
  Time since last request: 0.000016 seconds.
  path: Assets/Mega Bot Areas/Pixel Art/Under Pipes Area/tileset_29.asset
  artifactKey: Guid(8fda6dbea96c71e449f885ec8bcfdba2) Importer(815301076,1909f56bfc062723c751e8b465ee728b)
Start importing Assets/Mega Bot Areas/Pixel Art/Under Pipes Area/tileset_29.asset using Guid(8fda6dbea96c71e449f885ec8bcfdba2) Importer(815301076,1909f56bfc062723c751e8b465ee728b)  -> (artifact id: 'fcb51ce0cc3acdb63177955ef90db8ac') in 0.006553 seconds 
========================================================================
Received Import Request.
  Time since last request: 0.000016 seconds.
  path: Assets/Mega Bot Areas/Pixel Art/Under Pipes Area/tileset_16.asset
  artifactKey: Guid(eb3d081bf733ee74b921f3b74a415a2e) Importer(815301076,1909f56bfc062723c751e8b465ee728b)
Start importing Assets/Mega Bot Areas/Pixel Art/Under Pipes Area/tileset_16.asset using Guid(eb3d081bf733ee74b921f3b74a415a2e) Importer(815301076,1909f56bfc062723c751e8b465ee728b)  -> (artifact id: 'd1eae4adf490e8464e22d03b7b92de49') in 0.007979 seconds 
========================================================================
Received Import Request.
  Time since last request: 0.000019 seconds.
  path: Assets/Mega Bot Areas/Pixel Art/Under Pipes Area/tileset_21.asset
  artifactKey: Guid(e9ea3ad292b985442b7bf95edf4df942) Importer(815301076,1909f56bfc062723c751e8b465ee728b)
Start importing Assets/Mega Bot Areas/Pixel Art/Under Pipes Area/tileset_21.asset using Guid(e9ea3ad292b985442b7bf95edf4df942) Importer(815301076,1909f56bfc062723c751e8b465ee728b)  -> (artifact id: 'db8d57de4dbc690534361a159cd905e8') in 0.007368 seconds 
========================================================================
Received Import Request.
  Time since last request: 0.000022 seconds.
  path: Assets/Mega Bot Areas/Pixel Art/Under Pipes Area/tileset_26.asset
  artifactKey: Guid(88b1b1b064bcb4946add88dc9d6e61fc) Importer(815301076,1909f56bfc062723c751e8b465ee728b)
Start importing Assets/Mega Bot Areas/Pixel Art/Under Pipes Area/tileset_26.asset using Guid(88b1b1b064bcb4946add88dc9d6e61fc) Importer(815301076,1909f56bfc062723c751e8b465ee728b)  -> (artifact id: '371b0f99d18bae3e91d6c3217dc81736') in 0.007321 seconds 
========================================================================
Received Import Request.
  Time since last request: 0.000027 seconds.
  path: Assets/Mega Bot Areas/Pixel Art/Under Pipes Area/tileset_20.asset
  artifactKey: Guid(f72d7a0272025284883846003f299008) Importer(815301076,1909f56bfc062723c751e8b465ee728b)
Start importing Assets/Mega Bot Areas/Pixel Art/Under Pipes Area/tileset_20.asset using Guid(f72d7a0272025284883846003f299008) Importer(815301076,1909f56bfc062723c751e8b465ee728b)  -> (artifact id: '623313bea6248906fc1e3127fff12fbf') in 0.006905 seconds 
========================================================================
Received Import Request.
  Time since last request: 0.000043 seconds.
  path: Assets/Mega Bot Areas/Pixel Art/Under Pipes Area/tileset_41.asset
  artifactKey: Guid(88ee21c3a1cbe0743b57ffeaa70fd284) Importer(815301076,1909f56bfc062723c751e8b465ee728b)
Start importing Assets/Mega Bot Areas/Pixel Art/Under Pipes Area/tileset_41.asset using Guid(88ee21c3a1cbe0743b57ffeaa70fd284) Importer(815301076,1909f56bfc062723c751e8b465ee728b)  -> (artifact id: 'e8979d8cea177d64370f549ebf1ae03a') in 0.007756 seconds 
========================================================================
Received Import Request.
  Time since last request: 0.000019 seconds.
  path: Assets/Mega Bot Areas/Pixel Art/Under Pipes Area/tileset_22.asset
  artifactKey: Guid(d6d3cf55b8fb6c74e983a878113d2633) Importer(815301076,1909f56bfc062723c751e8b465ee728b)
Start importing Assets/Mega Bot Areas/Pixel Art/Under Pipes Area/tileset_22.asset using Guid(d6d3cf55b8fb6c74e983a878113d2633) Importer(815301076,1909f56bfc062723c751e8b465ee728b)  -> (artifact id: '5fbde40b0ab57f1105729751dc82e757') in 0.006433 seconds 
========================================================================
Received Import Request.
  Time since last request: 0.000019 seconds.
  path: Assets/Mega Bot Areas/Pixel Art/Under Pipes Area/tileset_3.asset
  artifactKey: Guid(2a95d613bbe73c64dbb365015463c177) Importer(815301076,1909f56bfc062723c751e8b465ee728b)
Start importing Assets/Mega Bot Areas/Pixel Art/Under Pipes Area/tileset_3.asset using Guid(2a95d613bbe73c64dbb365015463c177) Importer(815301076,1909f56bfc062723c751e8b465ee728b)  -> (artifact id: '68e7975fb8576b901e28bf3c4fb27d41') in 0.007805 seconds 
========================================================================
Received Import Request.
  Time since last request: 0.000021 seconds.
  path: Assets/Mega Bot Areas/Pixel Art/Under Pipes Area/tileset_42.asset
  artifactKey: Guid(d4e746e5cc60020409fcf96e8f5f8ec8) Importer(815301076,1909f56bfc062723c751e8b465ee728b)
Start importing Assets/Mega Bot Areas/Pixel Art/Under Pipes Area/tileset_42.asset using Guid(d4e746e5cc60020409fcf96e8f5f8ec8) Importer(815301076,1909f56bfc062723c751e8b465ee728b)  -> (artifact id: 'e70935fdc92315b091d285a41dbc0836') in 0.006749 seconds 
========================================================================
Received Import Request.
  Time since last request: 0.000020 seconds.
  path: Assets/Mega Bot Areas/Pixel Art/Under Pipes Area/tileset_19.asset
  artifactKey: Guid(6c58194fd7d97cf40a737fc3a178879f) Importer(815301076,1909f56bfc062723c751e8b465ee728b)
Start importing Assets/Mega Bot Areas/Pixel Art/Under Pipes Area/tileset_19.asset using Guid(6c58194fd7d97cf40a737fc3a178879f) Importer(815301076,1909f56bfc062723c751e8b465ee728b)  -> (artifact id: '4bfb62dbe9805a5ee917a0d84c71bc55') in 0.006316 seconds 
========================================================================
Received Import Request.
  Time since last request: 0.000026 seconds.
  path: Assets/Mega Bot Areas/Pixel Art/Under Pipes Area/tileset_11.asset
  artifactKey: Guid(368af2c11837e5c4397c0f475e1c8add) Importer(815301076,1909f56bfc062723c751e8b465ee728b)
Start importing Assets/Mega Bot Areas/Pixel Art/Under Pipes Area/tileset_11.asset using Guid(368af2c11837e5c4397c0f475e1c8add) Importer(815301076,1909f56bfc062723c751e8b465ee728b)  -> (artifact id: 'f7bc7ca3f91c3ff5abf7a07d9415c98b') in 0.006219 seconds 
========================================================================
Received Import Request.
  Time since last request: 218.053516 seconds.
  path: Assets/Mega Bot Areas/Pixel Art/Under Pipes Area/tileset_0.asset
  artifactKey: Guid(d7d56870b6e16fc47876ac2ff437dc26) Importer(815301076,1909f56bfc062723c751e8b465ee728b)
Start importing Assets/Mega Bot Areas/Pixel Art/Under Pipes Area/tileset_0.asset using Guid(d7d56870b6e16fc47876ac2ff437dc26) Importer(815301076,1909f56bfc062723c751e8b465ee728b)  -> (artifact id: '807773dd018413ea13cbd14caf55faa1') in 0.007348 seconds 
========================================================================
Received Import Request.
  Time since last request: 0.000024 seconds.
  path: Assets/Mega Bot Areas/Pixel Art/Under Pipes Area/tileset_6.asset
  artifactKey: Guid(d50d6c1b2dee96a4e9d05ad089c2c5d8) Importer(815301076,1909f56bfc062723c751e8b465ee728b)
Start importing Assets/Mega Bot Areas/Pixel Art/Under Pipes Area/tileset_6.asset using Guid(d50d6c1b2dee96a4e9d05ad089c2c5d8) Importer(815301076,1909f56bfc062723c751e8b465ee728b)  -> (artifact id: '77eb02f076e1d93fabf30b0976279995') in 0.006489 seconds 
========================================================================
Received Import Request.
  Time since last request: 0.000018 seconds.
  path: Assets/Mega Bot Areas/Pixel Art/Under Pipes Area/tileset_18.asset
  artifactKey: Guid(d316457922ce6974d9319e98f9f1eee6) Importer(815301076,1909f56bfc062723c751e8b465ee728b)
Start importing Assets/Mega Bot Areas/Pixel Art/Under Pipes Area/tileset_18.asset using Guid(d316457922ce6974d9319e98f9f1eee6) Importer(815301076,1909f56bfc062723c751e8b465ee728b)  -> (artifact id: 'a6b338802459507d4e8cfc384bd8d2e0') in 0.006736 seconds 
========================================================================
Received Import Request.
  Time since last request: 0.000017 seconds.
  path: Assets/Mega Bot Areas/Pixel Art/Under Pipes Area/tileset_5.asset
  artifactKey: Guid(dbeffa27ecc06b8418e7c910fd206856) Importer(815301076,1909f56bfc062723c751e8b465ee728b)
Start importing Assets/Mega Bot Areas/Pixel Art/Under Pipes Area/tileset_5.asset using Guid(dbeffa27ecc06b8418e7c910fd206856) Importer(815301076,1909f56bfc062723c751e8b465ee728b)  -> (artifact id: '8adf418e9bc3990f8e7745d460b64cdc') in 0.006206 seconds 
========================================================================
Received Import Request.
  Time since last request: 0.000022 seconds.
  path: Assets/Mega Bot Areas/Pixel Art/Under Pipes Area/tileset_32.asset
  artifactKey: Guid(543882d6363f1154e8280154ed150301) Importer(815301076,1909f56bfc062723c751e8b465ee728b)
Start importing Assets/Mega Bot Areas/Pixel Art/Under Pipes Area/tileset_32.asset using Guid(543882d6363f1154e8280154ed150301) Importer(815301076,1909f56bfc062723c751e8b465ee728b)  -> (artifact id: '70188b783f5ad42e0d1908b8623e8a09') in 0.006068 seconds 
========================================================================
Received Import Request.
  Time since last request: 0.000032 seconds.
  path: Assets/Mega Bot Areas/Pixel Art/Under Pipes Area/tileset_2.asset
  artifactKey: Guid(aac14a31120b64548ac3e3a0861ce3a0) Importer(815301076,1909f56bfc062723c751e8b465ee728b)
Start importing Assets/Mega Bot Areas/Pixel Art/Under Pipes Area/tileset_2.asset using Guid(aac14a31120b64548ac3e3a0861ce3a0) Importer(815301076,1909f56bfc062723c751e8b465ee728b)  -> (artifact id: '81d072704e587efa94861e52908078e1') in 0.007180 seconds 
========================================================================
Received Import Request.
  Time since last request: 0.000023 seconds.
  path: Assets/Mega Bot Areas/Pixel Art/Under Pipes Area/tileset_13.asset
  artifactKey: Guid(7b957f6084e02fe479665ec6448656ad) Importer(815301076,1909f56bfc062723c751e8b465ee728b)
Start importing Assets/Mega Bot Areas/Pixel Art/Under Pipes Area/tileset_13.asset using Guid(7b957f6084e02fe479665ec6448656ad) Importer(815301076,1909f56bfc062723c751e8b465ee728b)  -> (artifact id: 'b1790bfb1e6252e858db6f4e2a01c8f2') in 0.007128 seconds 
========================================================================
Received Import Request.
  Time since last request: 0.000019 seconds.
  path: Assets/Mega Bot Areas/Pixel Art/Under Pipes Area/tileset_40.asset
  artifactKey: Guid(e7ecf7bc7c99b8a478839ab91f4adab3) Importer(815301076,1909f56bfc062723c751e8b465ee728b)
Start importing Assets/Mega Bot Areas/Pixel Art/Under Pipes Area/tileset_40.asset using Guid(e7ecf7bc7c99b8a478839ab91f4adab3) Importer(815301076,1909f56bfc062723c751e8b465ee728b)  -> (artifact id: '90f1ed7685aecb5893279d3e0014d5e5') in 0.007046 seconds 
========================================================================
Received Import Request.
  Time since last request: 0.000021 seconds.
  path: Assets/Mega Bot Areas/Pixel Art/Under Pipes Area/tileset_39.asset
  artifactKey: Guid(d7e0f80717727224c88c00a6b0a15a5f) Importer(815301076,1909f56bfc062723c751e8b465ee728b)
Start importing Assets/Mega Bot Areas/Pixel Art/Under Pipes Area/tileset_39.asset using Guid(d7e0f80717727224c88c00a6b0a15a5f) Importer(815301076,1909f56bfc062723c751e8b465ee728b)  -> (artifact id: '6230273619fc4fb3de2735e4d0108768') in 0.006840 seconds 
========================================================================
Received Import Request.
  Time since last request: 0.000019 seconds.
  path: Assets/Mega Bot Areas/Pixel Art/Under Pipes Area/tileset_33.asset
  artifactKey: Guid(9dcf6a07304f1c8499db8c13f6193f62) Importer(815301076,1909f56bfc062723c751e8b465ee728b)
Start importing Assets/Mega Bot Areas/Pixel Art/Under Pipes Area/tileset_33.asset using Guid(9dcf6a07304f1c8499db8c13f6193f62) Importer(815301076,1909f56bfc062723c751e8b465ee728b)  -> (artifact id: '88510cb3f22eb2991fb3f14763c4ed53') in 0.006543 seconds 
========================================================================
Received Import Request.
  Time since last request: 0.000022 seconds.
  path: Assets/Mega Bot Areas/Pixel Art/Under Pipes Area/tileset_35.asset
  artifactKey: Guid(9845aff743f0ca44ea6c3e73cedb1b47) Importer(815301076,1909f56bfc062723c751e8b465ee728b)
Start importing Assets/Mega Bot Areas/Pixel Art/Under Pipes Area/tileset_35.asset using Guid(9845aff743f0ca44ea6c3e73cedb1b47) Importer(815301076,1909f56bfc062723c751e8b465ee728b)  -> (artifact id: 'f31ecffdd1d7c5852971e78904406a68') in 0.006636 seconds 
========================================================================
Received Import Request.
  Time since last request: 0.000024 seconds.
  path: Assets/Mega Bot Areas/Pixel Art/Under Pipes Area/tileset_25.asset
  artifactKey: Guid(bfcdcc0583301684793bf59c1d9368c4) Importer(815301076,1909f56bfc062723c751e8b465ee728b)
Start importing Assets/Mega Bot Areas/Pixel Art/Under Pipes Area/tileset_25.asset using Guid(bfcdcc0583301684793bf59c1d9368c4) Importer(815301076,1909f56bfc062723c751e8b465ee728b)  -> (artifact id: '32bc3c6fd862339245aa4d0f9f56d9fe') in 0.007375 seconds 
========================================================================
Received Import Request.
  Time since last request: 0.000021 seconds.
  path: Assets/Mega Bot Areas/Pixel Art/Under Pipes Area/tileset_4.asset
  artifactKey: Guid(ab05fb8bf684c704a8966ea14961c803) Importer(815301076,1909f56bfc062723c751e8b465ee728b)
Start importing Assets/Mega Bot Areas/Pixel Art/Under Pipes Area/tileset_4.asset using Guid(ab05fb8bf684c704a8966ea14961c803) Importer(815301076,1909f56bfc062723c751e8b465ee728b)  -> (artifact id: 'bfe20458776c0c6fdf1b3b8540fe8603') in 0.006993 seconds 
========================================================================
Received Import Request.
  Time since last request: 0.000022 seconds.
  path: Assets/Mega Bot Areas/Pixel Art/Under Pipes Area/tileset_21.asset
  artifactKey: Guid(e9ea3ad292b985442b7bf95edf4df942) Importer(815301076,1909f56bfc062723c751e8b465ee728b)
Start importing Assets/Mega Bot Areas/Pixel Art/Under Pipes Area/tileset_21.asset using Guid(e9ea3ad292b985442b7bf95edf4df942) Importer(815301076,1909f56bfc062723c751e8b465ee728b)  -> (artifact id: '128e2bbc50a7c79826015e15bd7e014c') in 0.006483 seconds 
========================================================================
Received Import Request.
  Time since last request: 0.000013 seconds.
  path: Assets/Mega Bot Areas/Pixel Art/Under Pipes Area/tileset_30.asset
  artifactKey: Guid(05da3aaa356f1c24591764baea807164) Importer(815301076,1909f56bfc062723c751e8b465ee728b)
Start importing Assets/Mega Bot Areas/Pixel Art/Under Pipes Area/tileset_30.asset using Guid(05da3aaa356f1c24591764baea807164) Importer(815301076,1909f56bfc062723c751e8b465ee728b)  -> (artifact id: 'c5495430f171eb2cc56870cc48db8ced') in 0.006638 seconds 
========================================================================
Received Import Request.
  Time since last request: 0.000016 seconds.
  path: Assets/Mega Bot Areas/Pixel Art/Under Pipes Area/tileset_26.asset
  artifactKey: Guid(88b1b1b064bcb4946add88dc9d6e61fc) Importer(815301076,1909f56bfc062723c751e8b465ee728b)
Start importing Assets/Mega Bot Areas/Pixel Art/Under Pipes Area/tileset_26.asset using Guid(88b1b1b064bcb4946add88dc9d6e61fc) Importer(815301076,1909f56bfc062723c751e8b465ee728b)  -> (artifact id: '95a31dd98fbd0ce36d7f32712a7b548d') in 0.007007 seconds 
========================================================================
Received Import Request.
  Time since last request: 0.000023 seconds.
  path: Assets/Mega Bot Areas/Pixel Art/Under Pipes Area/tileset_8.asset
  artifactKey: Guid(3ab65a379926ac04e8dccbf709e70e12) Importer(815301076,1909f56bfc062723c751e8b465ee728b)
Start importing Assets/Mega Bot Areas/Pixel Art/Under Pipes Area/tileset_8.asset using Guid(3ab65a379926ac04e8dccbf709e70e12) Importer(815301076,1909f56bfc062723c751e8b465ee728b)  -> (artifact id: 'd970835cf63a8290eb95281fa3af8972') in 0.006956 seconds 
========================================================================
Received Import Request.
  Time since last request: 0.000019 seconds.
  path: Assets/Mega Bot Areas/Pixel Art/Under Pipes Area/tileset_31.asset
  artifactKey: Guid(302e86bfdac7dc049ab338ce9677d7d5) Importer(815301076,1909f56bfc062723c751e8b465ee728b)
Start importing Assets/Mega Bot Areas/Pixel Art/Under Pipes Area/tileset_31.asset using Guid(302e86bfdac7dc049ab338ce9677d7d5) Importer(815301076,1909f56bfc062723c751e8b465ee728b)  -> (artifact id: 'a52aba73078f551b4be63301a27fbb8a') in 0.006981 seconds 
========================================================================
Received Import Request.
  Time since last request: 0.000017 seconds.
  path: Assets/Mega Bot Areas/Pixel Art/Under Pipes Area/tileset_17.asset
  artifactKey: Guid(1778caba443d85f4f8c65280c5e1e2b1) Importer(815301076,1909f56bfc062723c751e8b465ee728b)
Start importing Assets/Mega Bot Areas/Pixel Art/Under Pipes Area/tileset_17.asset using Guid(1778caba443d85f4f8c65280c5e1e2b1) Importer(815301076,1909f56bfc062723c751e8b465ee728b)  -> (artifact id: '0b6e2512af1984fed7ff97734ac69770') in 0.006868 seconds 
========================================================================
Received Import Request.
  Time since last request: 0.000019 seconds.
  path: Assets/Mega Bot Areas/Pixel Art/Under Pipes Area/tileset_38.asset
  artifactKey: Guid(79f3d33c52295204d984dfe5e3ffb9cb) Importer(815301076,1909f56bfc062723c751e8b465ee728b)
Start importing Assets/Mega Bot Areas/Pixel Art/Under Pipes Area/tileset_38.asset using Guid(79f3d33c52295204d984dfe5e3ffb9cb) Importer(815301076,1909f56bfc062723c751e8b465ee728b)  -> (artifact id: 'dd618ca7c4fa9b58de178fe42a57fe6c') in 0.007442 seconds 
========================================================================
Received Import Request.
  Time since last request: 0.000015 seconds.
  path: Assets/Mega Bot Areas/Pixel Art/Under Pipes Area/tileset_23.asset
  artifactKey: Guid(7f910b27209aa594984a46abb322e6e2) Importer(815301076,1909f56bfc062723c751e8b465ee728b)
Start importing Assets/Mega Bot Areas/Pixel Art/Under Pipes Area/tileset_23.asset using Guid(7f910b27209aa594984a46abb322e6e2) Importer(815301076,1909f56bfc062723c751e8b465ee728b)  -> (artifact id: '3723260497ae2940a79e0c2866369885') in 0.007060 seconds 
========================================================================
Received Import Request.
  Time since last request: 0.000026 seconds.
  path: Assets/Mega Bot Areas/Pixel Art/Under Pipes Area/tileset_41.asset
  artifactKey: Guid(88ee21c3a1cbe0743b57ffeaa70fd284) Importer(815301076,1909f56bfc062723c751e8b465ee728b)
Start importing Assets/Mega Bot Areas/Pixel Art/Under Pipes Area/tileset_41.asset using Guid(88ee21c3a1cbe0743b57ffeaa70fd284) Importer(815301076,1909f56bfc062723c751e8b465ee728b)  -> (artifact id: '75f79aa242d5647b243b9c264ef1a29c') in 0.006996 seconds 
========================================================================
Received Import Request.
  Time since last request: 0.000019 seconds.
  path: Assets/Mega Bot Areas/Pixel Art/Under Pipes Area/tileset_3.asset
  artifactKey: Guid(2a95d613bbe73c64dbb365015463c177) Importer(815301076,1909f56bfc062723c751e8b465ee728b)
Start importing Assets/Mega Bot Areas/Pixel Art/Under Pipes Area/tileset_3.asset using Guid(2a95d613bbe73c64dbb365015463c177) Importer(815301076,1909f56bfc062723c751e8b465ee728b)  -> (artifact id: '1b4f106fbb0be97bf767071d0fabaaf6') in 0.007240 seconds 
========================================================================
Received Import Request.
  Time since last request: 0.000025 seconds.
  path: Assets/Mega Bot Areas/Pixel Art/Under Pipes Area/tileset_44.asset
  artifactKey: Guid(aa622506d4ded714f9a2230ea0cfbacb) Importer(815301076,1909f56bfc062723c751e8b465ee728b)
Start importing Assets/Mega Bot Areas/Pixel Art/Under Pipes Area/tileset_44.asset using Guid(aa622506d4ded714f9a2230ea0cfbacb) Importer(815301076,1909f56bfc062723c751e8b465ee728b)  -> (artifact id: '9357ca5b05da4c80a9a205da134dd2b5') in 0.006556 seconds 
========================================================================
Received Import Request.
  Time since last request: 0.000017 seconds.
  path: Assets/Mega Bot Areas/Pixel Art/Under Pipes Area/tileset_14.asset
  artifactKey: Guid(7846fb5c36ef6bd4389f96881720842b) Importer(815301076,1909f56bfc062723c751e8b465ee728b)
Start importing Assets/Mega Bot Areas/Pixel Art/Under Pipes Area/tileset_14.asset using Guid(7846fb5c36ef6bd4389f96881720842b) Importer(815301076,1909f56bfc062723c751e8b465ee728b)  -> (artifact id: 'a42f8aa265f794867171ef118c1b06ea') in 0.006797 seconds 
========================================================================
Received Import Request.
  Time since last request: 0.000019 seconds.
  path: Assets/Mega Bot Areas/Pixel Art/Under Pipes Area/tileset_19.asset
  artifactKey: Guid(6c58194fd7d97cf40a737fc3a178879f) Importer(815301076,1909f56bfc062723c751e8b465ee728b)
Start importing Assets/Mega Bot Areas/Pixel Art/Under Pipes Area/tileset_19.asset using Guid(6c58194fd7d97cf40a737fc3a178879f) Importer(815301076,1909f56bfc062723c751e8b465ee728b)  -> (artifact id: '1a2174e42093bdb43abef2743b131cdf') in 0.006997 seconds 
========================================================================
Received Import Request.
  Time since last request: 0.000015 seconds.
  path: Assets/Mega Bot Areas/Pixel Art/Under Pipes Area/tileset_11.asset
  artifactKey: Guid(368af2c11837e5c4397c0f475e1c8add) Importer(815301076,1909f56bfc062723c751e8b465ee728b)
Start importing Assets/Mega Bot Areas/Pixel Art/Under Pipes Area/tileset_11.asset using Guid(368af2c11837e5c4397c0f475e1c8add) Importer(815301076,1909f56bfc062723c751e8b465ee728b)  -> (artifact id: '883eb9520ce517519f3ceef05a6f0a85') in 0.006670 seconds 
========================================================================
Received Import Request.
  Time since last request: 15.871907 seconds.
  path: Assets/Mega Bot Areas/Pixel Art/Under Pipes Area/tileset_1.asset
  artifactKey: Guid(a3d7d1986a00e5d4b824f57a4eec12fb) Importer(815301076,1909f56bfc062723c751e8b465ee728b)
Start importing Assets/Mega Bot Areas/Pixel Art/Under Pipes Area/tileset_1.asset using Guid(a3d7d1986a00e5d4b824f57a4eec12fb) Importer(815301076,1909f56bfc062723c751e8b465ee728b)  -> (artifact id: '9972bd91371b0c50785e5e85abfe3cbd') in 0.006271 seconds 
========================================================================
Received Import Request.
  Time since last request: 0.000015 seconds.
  path: Assets/Mega Bot Areas/Pixel Art/Under Pipes Area/tileset_18.asset
  artifactKey: Guid(d316457922ce6974d9319e98f9f1eee6) Importer(815301076,1909f56bfc062723c751e8b465ee728b)
Start importing Assets/Mega Bot Areas/Pixel Art/Under Pipes Area/tileset_18.asset using Guid(d316457922ce6974d9319e98f9f1eee6) Importer(815301076,1909f56bfc062723c751e8b465ee728b)  -> (artifact id: '9772115b1a03e66e4a06d9e760d1f17e') in 0.007023 seconds 
========================================================================
Received Import Request.
  Time since last request: 0.000014 seconds.
  path: Assets/Mega Bot Areas/Pixel Art/Under Pipes Area/tileset_32.asset
  artifactKey: Guid(543882d6363f1154e8280154ed150301) Importer(815301076,1909f56bfc062723c751e8b465ee728b)
Start importing Assets/Mega Bot Areas/Pixel Art/Under Pipes Area/tileset_32.asset using Guid(543882d6363f1154e8280154ed150301) Importer(815301076,1909f56bfc062723c751e8b465ee728b)  -> (artifact id: '81b30563be4d2fa9c673e331c55d90e9') in 0.008679 seconds 
========================================================================
Received Import Request.
  Time since last request: 0.000015 seconds.
  path: Assets/Mega Bot Areas/Pixel Art/Under Pipes Area/tileset_13.asset
  artifactKey: Guid(7b957f6084e02fe479665ec6448656ad) Importer(815301076,1909f56bfc062723c751e8b465ee728b)
Start importing Assets/Mega Bot Areas/Pixel Art/Under Pipes Area/tileset_13.asset using Guid(7b957f6084e02fe479665ec6448656ad) Importer(815301076,1909f56bfc062723c751e8b465ee728b)  -> (artifact id: '2d625672cfbe44f043dfaca35d54fa2f') in 0.006262 seconds 
========================================================================
Received Import Request.
  Time since last request: 0.000018 seconds.
  path: Assets/Mega Bot Areas/Pixel Art/Under Pipes Area/tileset_36.asset
  artifactKey: Guid(85f5663ff1e857949982275e2eae3a3f) Importer(815301076,1909f56bfc062723c751e8b465ee728b)
Start importing Assets/Mega Bot Areas/Pixel Art/Under Pipes Area/tileset_36.asset using Guid(85f5663ff1e857949982275e2eae3a3f) Importer(815301076,1909f56bfc062723c751e8b465ee728b)  -> (artifact id: '4bf014614870ecc943adf3229753c5e3') in 0.007472 seconds 
========================================================================
Received Import Request.
  Time since last request: 0.000016 seconds.
  path: Assets/Mega Bot Areas/Pixel Art/Under Pipes Area/tileset_37.asset
  artifactKey: Guid(6e87e7126cec71a46bd66c173aaafda2) Importer(815301076,1909f56bfc062723c751e8b465ee728b)
Start importing Assets/Mega Bot Areas/Pixel Art/Under Pipes Area/tileset_37.asset using Guid(6e87e7126cec71a46bd66c173aaafda2) Importer(815301076,1909f56bfc062723c751e8b465ee728b)  -> (artifact id: '0b8820fae58eec0b629df6a106f6c9e3') in 0.006913 seconds 
========================================================================
Received Import Request.
  Time since last request: 0.000019 seconds.
  path: Assets/Mega Bot Areas/Pixel Art/Under Pipes Area/tileset_43.asset
  artifactKey: Guid(4540e23dd1932e5489bca21885ae68cc) Importer(815301076,1909f56bfc062723c751e8b465ee728b)
Start importing Assets/Mega Bot Areas/Pixel Art/Under Pipes Area/tileset_43.asset using Guid(4540e23dd1932e5489bca21885ae68cc) Importer(815301076,1909f56bfc062723c751e8b465ee728b)  -> (artifact id: '80af0175d5afcab1bfe315e0a73ba7bf') in 0.007438 seconds 
========================================================================
Received Import Request.
  Time since last request: 0.000018 seconds.
  path: Assets/Mega Bot Areas/Pixel Art/Under Pipes Area/tileset_29.asset
  artifactKey: Guid(8fda6dbea96c71e449f885ec8bcfdba2) Importer(815301076,1909f56bfc062723c751e8b465ee728b)
Start importing Assets/Mega Bot Areas/Pixel Art/Under Pipes Area/tileset_29.asset using Guid(8fda6dbea96c71e449f885ec8bcfdba2) Importer(815301076,1909f56bfc062723c751e8b465ee728b)  -> (artifact id: '7f18a805488884b58750ca9e4e255a4e') in 0.006500 seconds 
========================================================================
Received Import Request.
  Time since last request: 0.000024 seconds.
  path: Assets/Mega Bot Areas/Pixel Art/Under Pipes Area/tileset_16.asset
  artifactKey: Guid(eb3d081bf733ee74b921f3b74a415a2e) Importer(815301076,1909f56bfc062723c751e8b465ee728b)
Start importing Assets/Mega Bot Areas/Pixel Art/Under Pipes Area/tileset_16.asset using Guid(eb3d081bf733ee74b921f3b74a415a2e) Importer(815301076,1909f56bfc062723c751e8b465ee728b)  -> (artifact id: 'a038a46572a60802fc9b032e452c8f9d') in 0.007053 seconds 
========================================================================
Received Import Request.
  Time since last request: 0.000016 seconds.
  path: Assets/Mega Bot Areas/Pixel Art/Under Pipes Area/tileset_34.asset
  artifactKey: Guid(44ef63d826938334099b314312f82179) Importer(815301076,1909f56bfc062723c751e8b465ee728b)
Start importing Assets/Mega Bot Areas/Pixel Art/Under Pipes Area/tileset_34.asset using Guid(44ef63d826938334099b314312f82179) Importer(815301076,1909f56bfc062723c751e8b465ee728b)  -> (artifact id: '22fca11c655b39401a2756536b6603db') in 0.007548 seconds 
========================================================================
Received Import Request.
  Time since last request: 0.000019 seconds.
  path: Assets/Mega Bot Areas/Pixel Art/Under Pipes Area/tileset_21.asset
  artifactKey: Guid(e9ea3ad292b985442b7bf95edf4df942) Importer(815301076,1909f56bfc062723c751e8b465ee728b)
Start importing Assets/Mega Bot Areas/Pixel Art/Under Pipes Area/tileset_21.asset using Guid(e9ea3ad292b985442b7bf95edf4df942) Importer(815301076,1909f56bfc062723c751e8b465ee728b)  -> (artifact id: '47247ad0aec58f27aa447ae4edf64e56') in 0.007000 seconds 
========================================================================
Received Import Request.
  Time since last request: 0.000018 seconds.
  path: Assets/Mega Bot Areas/Pixel Art/Under Pipes Area/tileset_30.asset
  artifactKey: Guid(05da3aaa356f1c24591764baea807164) Importer(815301076,1909f56bfc062723c751e8b465ee728b)
Start importing Assets/Mega Bot Areas/Pixel Art/Under Pipes Area/tileset_30.asset using Guid(05da3aaa356f1c24591764baea807164) Importer(815301076,1909f56bfc062723c751e8b465ee728b)  -> (artifact id: '76fc5338b8009f65722a7e77758c9e2e') in 0.007421 seconds 
========================================================================
Received Import Request.
  Time since last request: 0.000020 seconds.
  path: Assets/Mega Bot Areas/Pixel Art/Under Pipes Area/tileset_26.asset
  artifactKey: Guid(88b1b1b064bcb4946add88dc9d6e61fc) Importer(815301076,1909f56bfc062723c751e8b465ee728b)
Start importing Assets/Mega Bot Areas/Pixel Art/Under Pipes Area/tileset_26.asset using Guid(88b1b1b064bcb4946add88dc9d6e61fc) Importer(815301076,1909f56bfc062723c751e8b465ee728b)  -> (artifact id: 'a7f5aa91ad5857b921643a1c438462f7') in 0.007974 seconds 
========================================================================
Received Import Request.
  Time since last request: 0.000017 seconds.
  path: Assets/Mega Bot Areas/Pixel Art/Under Pipes Area/tileset_8.asset
  artifactKey: Guid(3ab65a379926ac04e8dccbf709e70e12) Importer(815301076,1909f56bfc062723c751e8b465ee728b)
Start importing Assets/Mega Bot Areas/Pixel Art/Under Pipes Area/tileset_8.asset using Guid(3ab65a379926ac04e8dccbf709e70e12) Importer(815301076,1909f56bfc062723c751e8b465ee728b)  -> (artifact id: '9455d5b6b4130ddc33728a2024b78aa9') in 0.007199 seconds 
========================================================================
Received Import Request.
  Time since last request: 0.000021 seconds.
  path: Assets/Mega Bot Areas/Pixel Art/Under Pipes Area/tileset_31.asset
  artifactKey: Guid(302e86bfdac7dc049ab338ce9677d7d5) Importer(815301076,1909f56bfc062723c751e8b465ee728b)
Start importing Assets/Mega Bot Areas/Pixel Art/Under Pipes Area/tileset_31.asset using Guid(302e86bfdac7dc049ab338ce9677d7d5) Importer(815301076,1909f56bfc062723c751e8b465ee728b)  -> (artifact id: '7f2b1b5122044a7bbaac38766a0df571') in 0.007865 seconds 
========================================================================
Received Import Request.
  Time since last request: 0.000019 seconds.
  path: Assets/Mega Bot Areas/Pixel Art/Under Pipes Area/tileset_41.asset
  artifactKey: Guid(88ee21c3a1cbe0743b57ffeaa70fd284) Importer(815301076,1909f56bfc062723c751e8b465ee728b)
Start importing Assets/Mega Bot Areas/Pixel Art/Under Pipes Area/tileset_41.asset using Guid(88ee21c3a1cbe0743b57ffeaa70fd284) Importer(815301076,1909f56bfc062723c751e8b465ee728b)  -> (artifact id: 'b8cc03df9c305ea73b64ae340b74e878') in 0.007750 seconds 
========================================================================
Received Import Request.
  Time since last request: 0.000025 seconds.
  path: Assets/Mega Bot Areas/Pixel Art/Under Pipes Area/tileset_22.asset
  artifactKey: Guid(d6d3cf55b8fb6c74e983a878113d2633) Importer(815301076,1909f56bfc062723c751e8b465ee728b)
Start importing Assets/Mega Bot Areas/Pixel Art/Under Pipes Area/tileset_22.asset using Guid(d6d3cf55b8fb6c74e983a878113d2633) Importer(815301076,1909f56bfc062723c751e8b465ee728b)  -> (artifact id: '9a61ffedc0f6e0c090ced2d38bbebf91') in 0.006196 seconds 
========================================================================
Received Import Request.
  Time since last request: 0.000019 seconds.
  path: Assets/Mega Bot Areas/Pixel Art/Under Pipes Area/tileset_23.asset
  artifactKey: Guid(7f910b27209aa594984a46abb322e6e2) Importer(815301076,1909f56bfc062723c751e8b465ee728b)
Start importing Assets/Mega Bot Areas/Pixel Art/Under Pipes Area/tileset_23.asset using Guid(7f910b27209aa594984a46abb322e6e2) Importer(815301076,1909f56bfc062723c751e8b465ee728b)  -> (artifact id: 'ba478c508ec21bfe53814e15fb17cf95') in 0.006496 seconds 
========================================================================
Received Import Request.
  Time since last request: 0.000017 seconds.
  path: Assets/Mega Bot Areas/Pixel Art/Under Pipes Area/tileset_44.asset
  artifactKey: Guid(aa622506d4ded714f9a2230ea0cfbacb) Importer(815301076,1909f56bfc062723c751e8b465ee728b)
Start importing Assets/Mega Bot Areas/Pixel Art/Under Pipes Area/tileset_44.asset using Guid(aa622506d4ded714f9a2230ea0cfbacb) Importer(815301076,1909f56bfc062723c751e8b465ee728b)  -> (artifact id: '84195a4a1d7b48e2fd02515ca968895a') in 0.006412 seconds 
========================================================================
Received Import Request.
  Time since last request: 0.000021 seconds.
  path: Assets/Mega Bot Areas/Pixel Art/Under Pipes Area/tileset_42.asset
  artifactKey: Guid(d4e746e5cc60020409fcf96e8f5f8ec8) Importer(815301076,1909f56bfc062723c751e8b465ee728b)
Start importing Assets/Mega Bot Areas/Pixel Art/Under Pipes Area/tileset_42.asset using Guid(d4e746e5cc60020409fcf96e8f5f8ec8) Importer(815301076,1909f56bfc062723c751e8b465ee728b)  -> (artifact id: 'a43bb5c7251de01abe0e9918c4662a63') in 0.007312 seconds 
========================================================================
Received Import Request.
  Time since last request: 0.000016 seconds.
  path: Assets/Mega Bot Areas/Pixel Art/Under Pipes Area/tileset_19.asset
  artifactKey: Guid(6c58194fd7d97cf40a737fc3a178879f) Importer(815301076,1909f56bfc062723c751e8b465ee728b)
Start importing Assets/Mega Bot Areas/Pixel Art/Under Pipes Area/tileset_19.asset using Guid(6c58194fd7d97cf40a737fc3a178879f) Importer(815301076,1909f56bfc062723c751e8b465ee728b)  -> (artifact id: 'cfac778b2a8d815ef6d07e55bee0a24a') in 0.006637 seconds 
========================================================================
Received Import Request.
  Time since last request: 0.000016 seconds.
  path: Assets/Mega Bot Areas/Pixel Art/Under Pipes Area/tileset_24.asset
  artifactKey: Guid(275c26149c0734e43b598655a8f472d4) Importer(815301076,1909f56bfc062723c751e8b465ee728b)
Start importing Assets/Mega Bot Areas/Pixel Art/Under Pipes Area/tileset_24.asset using Guid(275c26149c0734e43b598655a8f472d4) Importer(815301076,1909f56bfc062723c751e8b465ee728b)  -> (artifact id: 'f2c01202f5af2c86b826c03fb992b0f4') in 0.006429 seconds 
========================================================================
Received Import Request.
  Time since last request: 61.942830 seconds.
  path: Assets/Mega Bot Areas/Pixel Art/Under Pipes Area/tileset_0.asset
  artifactKey: Guid(d7d56870b6e16fc47876ac2ff437dc26) Importer(815301076,1909f56bfc062723c751e8b465ee728b)
Start importing Assets/Mega Bot Areas/Pixel Art/Under Pipes Area/tileset_0.asset using Guid(d7d56870b6e16fc47876ac2ff437dc26) Importer(815301076,1909f56bfc062723c751e8b465ee728b)  -> (artifact id: '3a7197d3b92842f1b7bab8246cf3f330') in 0.007498 seconds 
========================================================================
Received Import Request.
  Time since last request: 0.000022 seconds.
  path: Assets/Mega Bot Areas/Pixel Art/Under Pipes Area/tileset_6.asset
  artifactKey: Guid(d50d6c1b2dee96a4e9d05ad089c2c5d8) Importer(815301076,1909f56bfc062723c751e8b465ee728b)
Start importing Assets/Mega Bot Areas/Pixel Art/Under Pipes Area/tileset_6.asset using Guid(d50d6c1b2dee96a4e9d05ad089c2c5d8) Importer(815301076,1909f56bfc062723c751e8b465ee728b)  -> (artifact id: 'af162a6e2dc4a85a459b92fce77d68a6') in 0.007056 seconds 
========================================================================
Received Import Request.
  Time since last request: 0.000023 seconds.
  path: Assets/Mega Bot Areas/Pixel Art/Under Pipes Area/tileset_18.asset
  artifactKey: Guid(d316457922ce6974d9319e98f9f1eee6) Importer(815301076,1909f56bfc062723c751e8b465ee728b)
Start importing Assets/Mega Bot Areas/Pixel Art/Under Pipes Area/tileset_18.asset using Guid(d316457922ce6974d9319e98f9f1eee6) Importer(815301076,1909f56bfc062723c751e8b465ee728b)  -> (artifact id: '434e16a24ac1ca3eac908cf45b61886e') in 0.008003 seconds 
========================================================================
Received Import Request.
  Time since last request: 0.000020 seconds.
  path: Assets/Mega Bot Areas/Pixel Art/Under Pipes Area/tileset_5.asset
  artifactKey: Guid(dbeffa27ecc06b8418e7c910fd206856) Importer(815301076,1909f56bfc062723c751e8b465ee728b)
Start importing Assets/Mega Bot Areas/Pixel Art/Under Pipes Area/tileset_5.asset using Guid(dbeffa27ecc06b8418e7c910fd206856) Importer(815301076,1909f56bfc062723c751e8b465ee728b)  -> (artifact id: '9483fd222d99c0b363e0d99720ed032e') in 0.007710 seconds 
========================================================================
Received Import Request.
  Time since last request: 0.000018 seconds.
  path: Assets/Mega Bot Areas/Pixel Art/Under Pipes Area/tileset_32.asset
  artifactKey: Guid(543882d6363f1154e8280154ed150301) Importer(815301076,1909f56bfc062723c751e8b465ee728b)
Start importing Assets/Mega Bot Areas/Pixel Art/Under Pipes Area/tileset_32.asset using Guid(543882d6363f1154e8280154ed150301) Importer(815301076,1909f56bfc062723c751e8b465ee728b)  -> (artifact id: '08649b2a9293ce899543406033292673') in 0.006650 seconds 
========================================================================
Received Import Request.
  Time since last request: 0.000018 seconds.
  path: Assets/Mega Bot Areas/Pixel Art/Under Pipes Area/tileset_2.asset
  artifactKey: Guid(aac14a31120b64548ac3e3a0861ce3a0) Importer(815301076,1909f56bfc062723c751e8b465ee728b)
Start importing Assets/Mega Bot Areas/Pixel Art/Under Pipes Area/tileset_2.asset using Guid(aac14a31120b64548ac3e3a0861ce3a0) Importer(815301076,1909f56bfc062723c751e8b465ee728b)  -> (artifact id: '4cc453db7a5ca6c1b7d3c9e105310f0d') in 0.007509 seconds 
========================================================================
Received Import Request.
  Time since last request: 0.000020 seconds.
  path: Assets/Mega Bot Areas/Pixel Art/Under Pipes Area/tileset_13.asset
  artifactKey: Guid(7b957f6084e02fe479665ec6448656ad) Importer(815301076,1909f56bfc062723c751e8b465ee728b)
Start importing Assets/Mega Bot Areas/Pixel Art/Under Pipes Area/tileset_13.asset using Guid(7b957f6084e02fe479665ec6448656ad) Importer(815301076,1909f56bfc062723c751e8b465ee728b)  -> (artifact id: '65dee5f125f2156f0330e09f7bc6b8e4') in 0.008024 seconds 
========================================================================
Received Import Request.
  Time since last request: 0.000030 seconds.
  path: Assets/Mega Bot Areas/Pixel Art/Under Pipes Area/tileset_40.asset
  artifactKey: Guid(e7ecf7bc7c99b8a478839ab91f4adab3) Importer(815301076,1909f56bfc062723c751e8b465ee728b)
Start importing Assets/Mega Bot Areas/Pixel Art/Under Pipes Area/tileset_40.asset using Guid(e7ecf7bc7c99b8a478839ab91f4adab3) Importer(815301076,1909f56bfc062723c751e8b465ee728b)  -> (artifact id: '184ee7ef63fab872d920edf44bdc8537') in 0.007493 seconds 
========================================================================
Received Import Request.
  Time since last request: 0.000018 seconds.
  path: Assets/Mega Bot Areas/Pixel Art/Under Pipes Area/tileset_36.asset
  artifactKey: Guid(85f5663ff1e857949982275e2eae3a3f) Importer(815301076,1909f56bfc062723c751e8b465ee728b)
Start importing Assets/Mega Bot Areas/Pixel Art/Under Pipes Area/tileset_36.asset using Guid(85f5663ff1e857949982275e2eae3a3f) Importer(815301076,1909f56bfc062723c751e8b465ee728b)  -> (artifact id: '8446e7ba53eb2c49327479cd6e140fca') in 0.006735 seconds 
========================================================================
Received Import Request.
  Time since last request: 0.000021 seconds.
  path: Assets/Mega Bot Areas/Pixel Art/Under Pipes Area/tileset_37.asset
  artifactKey: Guid(6e87e7126cec71a46bd66c173aaafda2) Importer(815301076,1909f56bfc062723c751e8b465ee728b)
Start importing Assets/Mega Bot Areas/Pixel Art/Under Pipes Area/tileset_37.asset using Guid(6e87e7126cec71a46bd66c173aaafda2) Importer(815301076,1909f56bfc062723c751e8b465ee728b)  -> (artifact id: '4ea80f75c8337bdf7ee0165700aa4c6b') in 0.006457 seconds 
========================================================================
Received Import Request.
  Time since last request: 0.000019 seconds.
  path: Assets/Mega Bot Areas/Pixel Art/Under Pipes Area/tileset_43.asset
  artifactKey: Guid(4540e23dd1932e5489bca21885ae68cc) Importer(815301076,1909f56bfc062723c751e8b465ee728b)
Start importing Assets/Mega Bot Areas/Pixel Art/Under Pipes Area/tileset_43.asset using Guid(4540e23dd1932e5489bca21885ae68cc) Importer(815301076,1909f56bfc062723c751e8b465ee728b)  -> (artifact id: '0d0f3eb7bd54af6c4bcad10dbb80a7a7') in 0.007483 seconds 
========================================================================
Received Import Request.
  Time since last request: 0.000020 seconds.
  path: Assets/Mega Bot Areas/Pixel Art/Under Pipes Area/tileset_29.asset
  artifactKey: Guid(8fda6dbea96c71e449f885ec8bcfdba2) Importer(815301076,1909f56bfc062723c751e8b465ee728b)
Start importing Assets/Mega Bot Areas/Pixel Art/Under Pipes Area/tileset_29.asset using Guid(8fda6dbea96c71e449f885ec8bcfdba2) Importer(815301076,1909f56bfc062723c751e8b465ee728b)  -> (artifact id: '429c5d8ab4392c0badc7baf1820d57df') in 0.007925 seconds 
========================================================================
Received Import Request.
  Time since last request: 0.000027 seconds.
  path: Assets/Mega Bot Areas/Pixel Art/Under Pipes Area/tileset_16.asset
  artifactKey: Guid(eb3d081bf733ee74b921f3b74a415a2e) Importer(815301076,1909f56bfc062723c751e8b465ee728b)
Start importing Assets/Mega Bot Areas/Pixel Art/Under Pipes Area/tileset_16.asset using Guid(eb3d081bf733ee74b921f3b74a415a2e) Importer(815301076,1909f56bfc062723c751e8b465ee728b)  -> (artifact id: '32b7d19ef806e8f790e0ab7ff29d2a4b') in 0.008230 seconds 
========================================================================
Received Import Request.
  Time since last request: 0.000027 seconds.
  path: Assets/Mega Bot Areas/Pixel Art/Under Pipes Area/tileset_34.asset
  artifactKey: Guid(44ef63d826938334099b314312f82179) Importer(815301076,1909f56bfc062723c751e8b465ee728b)
Start importing Assets/Mega Bot Areas/Pixel Art/Under Pipes Area/tileset_34.asset using Guid(44ef63d826938334099b314312f82179) Importer(815301076,1909f56bfc062723c751e8b465ee728b)  -> (artifact id: '892975c2bfbc6c4a10cd311f187ff7fc') in 0.007187 seconds 
========================================================================
Received Import Request.
  Time since last request: 0.000023 seconds.
  path: Assets/Mega Bot Areas/Pixel Art/Under Pipes Area/tileset_9.asset
  artifactKey: Guid(b7a8451809fddf44eab105c4e9cde4e4) Importer(815301076,1909f56bfc062723c751e8b465ee728b)
Start importing Assets/Mega Bot Areas/Pixel Art/Under Pipes Area/tileset_9.asset using Guid(b7a8451809fddf44eab105c4e9cde4e4) Importer(815301076,1909f56bfc062723c751e8b465ee728b)  -> (artifact id: 'cf6e13a876de0eff57ec91b578d34b60') in 0.007462 seconds 
========================================================================
Received Import Request.
  Time since last request: 0.000021 seconds.
  path: Assets/Mega Bot Areas/Pixel Art/Under Pipes Area/tileset_7.asset
  artifactKey: Guid(514b41f666cecea4491b1e714c333f92) Importer(815301076,1909f56bfc062723c751e8b465ee728b)
Start importing Assets/Mega Bot Areas/Pixel Art/Under Pipes Area/tileset_7.asset using Guid(514b41f666cecea4491b1e714c333f92) Importer(815301076,1909f56bfc062723c751e8b465ee728b)  -> (artifact id: '4454258adb401fbb9cde875a6f198f26') in 0.007168 seconds 
========================================================================
Received Import Request.
  Time since last request: 0.000021 seconds.
  path: Assets/Mega Bot Areas/Pixel Art/Under Pipes Area/tileset_10.asset
  artifactKey: Guid(e4c4c5fe1bcd0b542a6b7604718b4600) Importer(815301076,1909f56bfc062723c751e8b465ee728b)
Start importing Assets/Mega Bot Areas/Pixel Art/Under Pipes Area/tileset_10.asset using Guid(e4c4c5fe1bcd0b542a6b7604718b4600) Importer(815301076,1909f56bfc062723c751e8b465ee728b)  -> (artifact id: '363c099ddc6808fe93b850edabca6679') in 0.007338 seconds 
========================================================================
Received Import Request.
  Time since last request: 0.000021 seconds.
  path: Assets/Mega Bot Areas/Pixel Art/Under Pipes Area/tileset_20.asset
  artifactKey: Guid(f72d7a0272025284883846003f299008) Importer(815301076,1909f56bfc062723c751e8b465ee728b)
Start importing Assets/Mega Bot Areas/Pixel Art/Under Pipes Area/tileset_20.asset using Guid(f72d7a0272025284883846003f299008) Importer(815301076,1909f56bfc062723c751e8b465ee728b)  -> (artifact id: '49813ca09f2cb52f05e34d8e23362160') in 0.007471 seconds 
========================================================================
Received Import Request.
  Time since last request: 0.000018 seconds.
  path: Assets/Mega Bot Areas/Pixel Art/Under Pipes Area/tileset_1.asset
  artifactKey: Guid(a3d7d1986a00e5d4b824f57a4eec12fb) Importer(815301076,1909f56bfc062723c751e8b465ee728b)
Start importing Assets/Mega Bot Areas/Pixel Art/Under Pipes Area/tileset_1.asset using Guid(a3d7d1986a00e5d4b824f57a4eec12fb) Importer(815301076,1909f56bfc062723c751e8b465ee728b)  -> (artifact id: 'ef8eb0a1b23884940a0208d0502e20bb') in 0.007883 seconds 
========================================================================
Received Import Request.
  Time since last request: 0.000018 seconds.
  path: Assets/Mega Bot Areas/Pixel Art/Under Pipes Area/tileset_38.asset
  artifactKey: Guid(79f3d33c52295204d984dfe5e3ffb9cb) Importer(815301076,1909f56bfc062723c751e8b465ee728b)
Start importing Assets/Mega Bot Areas/Pixel Art/Under Pipes Area/tileset_38.asset using Guid(79f3d33c52295204d984dfe5e3ffb9cb) Importer(815301076,1909f56bfc062723c751e8b465ee728b)  -> (artifact id: '5d5bf8dbb8ef073be3eb308ef2c48bfa') in 0.006814 seconds 
========================================================================
Received Import Request.
  Time since last request: 0.000018 seconds.
  path: Assets/Mega Bot Areas/Pixel Art/Under Pipes Area/tileset_22.asset
  artifactKey: Guid(d6d3cf55b8fb6c74e983a878113d2633) Importer(815301076,1909f56bfc062723c751e8b465ee728b)
Start importing Assets/Mega Bot Areas/Pixel Art/Under Pipes Area/tileset_22.asset using Guid(d6d3cf55b8fb6c74e983a878113d2633) Importer(815301076,1909f56bfc062723c751e8b465ee728b)  -> (artifact id: 'be8d566c76b6dd0769b63d23edd7785a') in 0.006681 seconds 
========================================================================
Received Import Request.
  Time since last request: 0.000020 seconds.
  path: Assets/Mega Bot Areas/Pixel Art/Under Pipes Area/tileset_41.asset
  artifactKey: Guid(88ee21c3a1cbe0743b57ffeaa70fd284) Importer(815301076,1909f56bfc062723c751e8b465ee728b)
Start importing Assets/Mega Bot Areas/Pixel Art/Under Pipes Area/tileset_41.asset using Guid(88ee21c3a1cbe0743b57ffeaa70fd284) Importer(815301076,1909f56bfc062723c751e8b465ee728b)  -> (artifact id: '02a234cc751a9d335b71dcf513dae555') in 0.007539 seconds 
========================================================================
Received Import Request.
  Time since last request: 0.000021 seconds.
  path: Assets/Mega Bot Areas/Pixel Art/Under Pipes Area/tileset_3.asset
  artifactKey: Guid(2a95d613bbe73c64dbb365015463c177) Importer(815301076,1909f56bfc062723c751e8b465ee728b)
Start importing Assets/Mega Bot Areas/Pixel Art/Under Pipes Area/tileset_3.asset using Guid(2a95d613bbe73c64dbb365015463c177) Importer(815301076,1909f56bfc062723c751e8b465ee728b)  -> (artifact id: 'f1b51f93f91552aa86bf5a082ffd0fd3') in 0.006442 seconds 
========================================================================
Received Import Request.
  Time since last request: 0.000029 seconds.
  path: Assets/Mega Bot Areas/Pixel Art/Under Pipes Area/tileset_44.asset
  artifactKey: Guid(aa622506d4ded714f9a2230ea0cfbacb) Importer(815301076,1909f56bfc062723c751e8b465ee728b)
Start importing Assets/Mega Bot Areas/Pixel Art/Under Pipes Area/tileset_44.asset using Guid(aa622506d4ded714f9a2230ea0cfbacb) Importer(815301076,1909f56bfc062723c751e8b465ee728b)  -> (artifact id: '12edd10c5b4d2c50153cba8657c975c0') in 0.009366 seconds 
========================================================================
Received Import Request.
  Time since last request: 0.000021 seconds.
  path: Assets/Mega Bot Areas/Pixel Art/Under Pipes Area/tileset_12.asset
  artifactKey: Guid(7d7ec57f3af0a034e9956a0dc8f81522) Importer(815301076,1909f56bfc062723c751e8b465ee728b)
Start importing Assets/Mega Bot Areas/Pixel Art/Under Pipes Area/tileset_12.asset using Guid(7d7ec57f3af0a034e9956a0dc8f81522) Importer(815301076,1909f56bfc062723c751e8b465ee728b)  -> (artifact id: 'bc9d419849b8f615932afc723b0354f6') in 0.007526 seconds 
========================================================================
Received Import Request.
  Time since last request: 0.000024 seconds.
  path: Assets/Mega Bot Areas/Pixel Art/Under Pipes Area/tileset_19.asset
  artifactKey: Guid(6c58194fd7d97cf40a737fc3a178879f) Importer(815301076,1909f56bfc062723c751e8b465ee728b)
Start importing Assets/Mega Bot Areas/Pixel Art/Under Pipes Area/tileset_19.asset using Guid(6c58194fd7d97cf40a737fc3a178879f) Importer(815301076,1909f56bfc062723c751e8b465ee728b)  -> (artifact id: '4b861086bfead7f4bc8088715c32475d') in 0.007619 seconds 
========================================================================
Received Import Request.
  Time since last request: 0.000018 seconds.
  path: Assets/Mega Bot Areas/Pixel Art/Under Pipes Area/tileset_24.asset
  artifactKey: Guid(275c26149c0734e43b598655a8f472d4) Importer(815301076,1909f56bfc062723c751e8b465ee728b)
Start importing Assets/Mega Bot Areas/Pixel Art/Under Pipes Area/tileset_24.asset using Guid(275c26149c0734e43b598655a8f472d4) Importer(815301076,1909f56bfc062723c751e8b465ee728b)  -> (artifact id: '7c0c1ce36c348686bbe7921209f608aa') in 0.007619 seconds 
Editor requested this worker to shutdown with reason: Scaling down because of idle timeout
AssetImportWorker is now disconnected from the server
Process exiting
Exiting without the bug reporter. Application will terminate with return code 0